{"/home/travis/build/npmtest/node-npmtest-parsleyjs/test.js":{"path":"/home/travis/build/npmtest/node-npmtest-parsleyjs/test.js","s":{"1":2,"2":2,"3":2,"4":2,"5":2,"6":2,"7":2,"8":1,"9":2,"10":2,"11":1,"12":1,"13":1,"14":1,"15":2,"16":2,"17":2,"18":2,"19":1,"20":1,"21":2,"22":2,"23":2,"24":1,"25":1,"26":1,"27":1,"28":1,"29":1,"30":1,"31":1,"32":1,"33":1,"34":1,"35":1,"36":1,"37":1,"38":1,"39":2,"40":2,"41":1,"42":2,"43":2,"44":1,"45":2,"46":2,"47":1,"48":2,"49":2,"50":1,"51":1,"52":1,"53":1,"54":1},"b":{"1":[2,1,1,1],"2":[1,1,1,1],"3":[1,1],"4":[1,1],"5":[1,1],"6":[1,1],"7":[1,1],"8":[1,1],"9":[1,1],"10":[1,1,1],"11":[1,1],"12":[1,1],"13":[1,1],"14":[1,1],"15":[1,1],"16":[1,1],"17":[1,1]},"f":{"1":2,"2":2,"3":2,"4":2,"5":2,"6":1,"7":1,"8":1,"9":2,"10":2,"11":2,"12":2,"13":1},"fnMap":{"1":{"name":"(anonymous_1)","line":12,"loc":{"start":{"line":12,"column":1},"end":{"line":12,"column":13}}},"2":{"name":"(anonymous_2)","line":19,"loc":{"start":{"line":19,"column":5},"end":{"line":19,"column":17}}},"3":{"name":"(anonymous_3)","line":23,"loc":{"start":{"line":23,"column":24},"end":{"line":23,"column":36}}},"4":{"name":"(anonymous_4)","line":61,"loc":{"start":{"line":61,"column":5},"end":{"line":61,"column":17}}},"5":{"name":"(anonymous_5)","line":82,"loc":{"start":{"line":82,"column":5},"end":{"line":82,"column":17}}},"6":{"name":"(anonymous_6)","line":91,"loc":{"start":{"line":91,"column":77},"end":{"line":94,"column":10}}},"7":{"name":"(anonymous_7)","line":112,"loc":{"start":{"line":112,"column":83},"end":{"line":115,"column":10}},"skip":true},"8":{"name":"(anonymous_8)","line":123,"loc":{"start":{"line":123,"column":77},"end":{"line":126,"column":10}},"skip":true},"9":{"name":"(anonymous_9)","line":139,"loc":{"start":{"line":139,"column":12},"end":{"line":139,"column":40}},"skip":true},"10":{"name":"(anonymous_10)","line":147,"loc":{"start":{"line":147,"column":77},"end":{"line":150,"column":10}},"skip":true},"11":{"name":"(anonymous_11)","line":158,"loc":{"start":{"line":158,"column":83},"end":{"line":161,"column":10}},"skip":true},"12":{"name":"(anonymous_12)","line":169,"loc":{"start":{"line":169,"column":79},"end":{"line":172,"column":10}},"skip":true},"13":{"name":"(anonymous_13)","line":180,"loc":{"start":{"line":180,"column":75},"end":{"line":183,"column":10}},"skip":true}},"statementMap":{"1":{"start":{"line":12,"column":0},"end":{"line":195,"column":5}},"2":{"start":{"line":14,"column":4},"end":{"line":14,"column":14}},"3":{"start":{"line":19,"column":4},"end":{"line":56,"column":9}},"4":{"start":{"line":21,"column":8},"end":{"line":21,"column":19}},"5":{"start":{"line":23,"column":8},"end":{"line":35,"column":13}},"6":{"start":{"line":24,"column":12},"end":{"line":34,"column":13}},"7":{"start":{"line":25,"column":16},"end":{"line":28,"column":30}},"8":{"start":{"line":30,"column":16},"end":{"line":33,"column":27}},"9":{"start":{"line":37,"column":8},"end":{"line":39,"column":21}},"10":{"start":{"line":40,"column":8},"end":{"line":53,"column":9}},"11":{"start":{"line":43,"column":12},"end":{"line":46,"column":14}},"12":{"start":{"line":47,"column":12},"end":{"line":47,"column":18}},"13":{"start":{"line":50,"column":12},"end":{"line":51,"column":46}},"14":{"start":{"line":52,"column":12},"end":{"line":52,"column":18}},"15":{"start":{"line":55,"column":8},"end":{"line":55,"column":35}},"16":{"start":{"line":61,"column":4},"end":{"line":63,"column":9}},"17":{"start":{"line":62,"column":8},"end":{"line":62,"column":15}},"18":{"start":{"line":64,"column":4},"end":{"line":77,"column":5}},"19":{"start":{"line":70,"column":8},"end":{"line":70,"column":14}},"20":{"start":{"line":76,"column":8},"end":{"line":76,"column":14}},"21":{"start":{"line":82,"column":4},"end":{"line":84,"column":9}},"22":{"start":{"line":83,"column":8},"end":{"line":83,"column":15}},"23":{"start":{"line":85,"column":4},"end":{"line":194,"column":5}},"24":{"start":{"line":91,"column":8},"end":{"line":99,"column":10}},"25":{"start":{"line":98,"column":12},"end":{"line":98,"column":35}},"26":{"start":{"line":102,"column":8},"end":{"line":104,"column":63}},"27":{"start":{"line":105,"column":8},"end":{"line":105,"column":14}},"28":{"start":{"line":112,"column":8},"end":{"line":121,"column":10},"skip":true},"29":{"start":{"line":119,"column":12},"end":{"line":119,"column":55},"skip":true},"30":{"start":{"line":120,"column":12},"end":{"line":120,"column":48},"skip":true},"31":{"start":{"line":123,"column":8},"end":{"line":136,"column":10},"skip":true},"32":{"start":{"line":130,"column":12},"end":{"line":130,"column":76},"skip":true},"33":{"start":{"line":131,"column":12},"end":{"line":131,"column":73},"skip":true},"34":{"start":{"line":132,"column":12},"end":{"line":132,"column":74},"skip":true},"35":{"start":{"line":133,"column":12},"end":{"line":133,"column":79},"skip":true},"36":{"start":{"line":134,"column":12},"end":{"line":134,"column":25},"skip":true},"37":{"start":{"line":135,"column":12},"end":{"line":135,"column":45},"skip":true},"38":{"start":{"line":138,"column":8},"end":{"line":145,"column":14},"skip":true},"39":{"start":{"line":143,"column":16},"end":{"line":143,"column":29},"skip":true},"40":{"start":{"line":144,"column":16},"end":{"line":144,"column":55},"skip":true},"41":{"start":{"line":147,"column":8},"end":{"line":156,"column":10},"skip":true},"42":{"start":{"line":154,"column":12},"end":{"line":154,"column":25},"skip":true},"43":{"start":{"line":155,"column":12},"end":{"line":155,"column":45},"skip":true},"44":{"start":{"line":158,"column":8},"end":{"line":167,"column":10},"skip":true},"45":{"start":{"line":165,"column":12},"end":{"line":165,"column":25},"skip":true},"46":{"start":{"line":166,"column":12},"end":{"line":166,"column":48},"skip":true},"47":{"start":{"line":169,"column":8},"end":{"line":178,"column":10},"skip":true},"48":{"start":{"line":176,"column":12},"end":{"line":176,"column":25},"skip":true},"49":{"start":{"line":177,"column":12},"end":{"line":177,"column":46},"skip":true},"50":{"start":{"line":180,"column":8},"end":{"line":189,"column":10},"skip":true},"51":{"start":{"line":187,"column":12},"end":{"line":187,"column":94},"skip":true},"52":{"start":{"line":188,"column":12},"end":{"line":188,"column":48},"skip":true},"53":{"start":{"line":192,"column":8},"end":{"line":192,"column":35},"skip":true},"54":{"start":{"line":193,"column":8},"end":{"line":193,"column":14},"skip":true}},"branchMap":{"1":{"line":25,"type":"binary-expr","locations":[{"start":{"line":25,"column":23},"end":{"line":25,"column":62}},{"start":{"line":26,"column":20},"end":{"line":26,"column":70}},{"start":{"line":27,"column":20},"end":{"line":27,"column":71}},{"start":{"line":28,"column":20},"end":{"line":28,"column":29}}]},"2":{"line":30,"type":"binary-expr","locations":[{"start":{"line":30,"column":23},"end":{"line":30,"column":37}},{"start":{"line":31,"column":20},"end":{"line":31,"column":61}},{"start":{"line":32,"column":20},"end":{"line":32,"column":70}},{"start":{"line":33,"column":20},"end":{"line":33,"column":26}}]},"3":{"line":37,"type":"cond-expr","locations":[{"start":{"line":38,"column":14},"end":{"line":38,"column":20}},{"start":{"line":39,"column":14},"end":{"line":39,"column":20}}]},"4":{"line":40,"type":"switch","locations":[{"start":{"line":42,"column":8},"end":{"line":47,"column":18}},{"start":{"line":49,"column":8},"end":{"line":52,"column":18}}]},"5":{"line":44,"type":"binary-expr","locations":[{"start":{"line":44,"column":16},"end":{"line":44,"column":44}},{"start":{"line":44,"column":48},"end":{"line":44,"column":66}}]},"6":{"line":50,"type":"binary-expr","locations":[{"start":{"line":50,"column":21},"end":{"line":50,"column":49}},{"start":{"line":50,"column":53},"end":{"line":50,"column":72}}]},"7":{"line":64,"type":"switch","locations":[{"start":{"line":69,"column":4},"end":{"line":70,"column":14}},{"start":{"line":75,"column":4},"end":{"line":76,"column":14}}]},"8":{"line":85,"type":"switch","locations":[{"start":{"line":90,"column":4},"end":{"line":105,"column":14}},{"start":{"line":111,"column":4},"end":{"line":193,"column":14},"skip":true}]},"9":{"line":91,"type":"binary-expr","locations":[{"start":{"line":91,"column":42},"end":{"line":91,"column":73}},{"start":{"line":91,"column":77},"end":{"line":99,"column":9}}]},"10":{"line":102,"type":"binary-expr","locations":[{"start":{"line":102,"column":18},"end":{"line":102,"column":32}},{"start":{"line":103,"column":12},"end":{"line":103,"column":53}},{"start":{"line":104,"column":12},"end":{"line":104,"column":61}}]},"11":{"line":112,"type":"binary-expr","locations":[{"start":{"line":112,"column":45},"end":{"line":112,"column":79},"skip":true},{"start":{"line":112,"column":83},"end":{"line":121,"column":9},"skip":true}]},"12":{"line":123,"type":"binary-expr","locations":[{"start":{"line":123,"column":42},"end":{"line":123,"column":73},"skip":true},{"start":{"line":123,"column":77},"end":{"line":136,"column":9},"skip":true}]},"13":{"line":138,"type":"binary-expr","locations":[{"start":{"line":138,"column":48},"end":{"line":138,"column":85},"skip":true},{"start":{"line":139,"column":12},"end":{"line":145,"column":13},"skip":true}]},"14":{"line":147,"type":"binary-expr","locations":[{"start":{"line":147,"column":42},"end":{"line":147,"column":73},"skip":true},{"start":{"line":147,"column":77},"end":{"line":156,"column":9},"skip":true}]},"15":{"line":158,"type":"binary-expr","locations":[{"start":{"line":158,"column":45},"end":{"line":158,"column":79},"skip":true},{"start":{"line":158,"column":83},"end":{"line":167,"column":9},"skip":true}]},"16":{"line":169,"type":"binary-expr","locations":[{"start":{"line":169,"column":43},"end":{"line":169,"column":75},"skip":true},{"start":{"line":169,"column":79},"end":{"line":178,"column":9},"skip":true}]},"17":{"line":180,"type":"binary-expr","locations":[{"start":{"line":180,"column":41},"end":{"line":180,"column":71},"skip":true},{"start":{"line":180,"column":75},"end":{"line":189,"column":9},"skip":true}]}},"code":["/* istanbul instrument in package npmtest_parsleyjs */","/*jslint","    bitwise: true,","    browser: true,","    maxerr: 8,","    maxlen: 96,","    node: true,","    nomen: true,","    regexp: true,","    stupid: true","*/","(function () {","    'use strict';","    var local;","","","","    // run shared js-env code - pre-init","    (function () {","        // init local","        local = {};","        // init modeJs","        local.modeJs = (function () {","            try {","                return typeof navigator.userAgent === 'string' &&","                    typeof document.querySelector('body') === 'object' &&","                    typeof XMLHttpRequest.prototype.open === 'function' &&","                    'browser';","            } catch (errorCaughtBrowser) {","                return module.exports &&","                    typeof process.versions.node === 'string' &&","                    typeof require('http').createServer === 'function' &&","                    'node';","            }","        }());","        // init global","        local.global = local.modeJs === 'browser'","            ? window","            : global;","        switch (local.modeJs) {","        // re-init local from window.local","        case 'browser':","            local = local.global.utility2.objectSetDefault(","                local.global.utility2_rollup || local.global.local,","                local.global.utility2","            );","            break;","        // re-init local from example.js","        case 'node':","            local = (local.global.utility2_rollup || require('utility2'))","                .requireExampleJsFromReadme();","            break;","        }","        // export local","        local.global.local = local;","    }());","","","","    // run shared js-env code - function","    (function () {","        return;","    }());","    switch (local.modeJs) {","","","","    // run browser js-env code - function","    case 'browser':","        break;","","","","    // run node js-env code - function","    case 'node':","        break;","    }","","","","    // run shared js-env code - post-init","    (function () {","        return;","    }());","    switch (local.modeJs) {","","","","    // run browser js-env code - post-init","    case 'browser':","        local.testCase_browser_nullCase = local.testCase_browser_nullCase || function (","            options,","            onError","        ) {","        /*","         * this function will test browsers's null-case handling-behavior-behavior","         */","            onError(null, options);","        };","","        // run tests","        local.nop(local.modeTest &&","            document.querySelector('#testRunButton1') &&","            document.querySelector('#testRunButton1').click());","        break;","","","","    // run node js-env code - post-init","    /* istanbul ignore next */","    case 'node':","        local.testCase_buildApidoc_default = local.testCase_buildApidoc_default || function (","            options,","            onError","        ) {","        /*","         * this function will test buildApidoc's default handling-behavior-behavior","         */","            options = { modulePathList: module.paths };","            local.buildApidoc(options, onError);","        };","","        local.testCase_buildApp_default = local.testCase_buildApp_default || function (","            options,","            onError","        ) {","        /*","         * this function will test buildApp's default handling-behavior-behavior","         */","            local.testCase_buildReadme_default(options, local.onErrorThrow);","            local.testCase_buildLib_default(options, local.onErrorThrow);","            local.testCase_buildTest_default(options, local.onErrorThrow);","            local.testCase_buildCustomOrg_default(options, local.onErrorThrow);","            options = [];","            local.buildApp(options, onError);","        };","","        local.testCase_buildCustomOrg_default = local.testCase_buildCustomOrg_default ||","            function (options, onError) {","            /*","             * this function will test buildCustomOrg's default handling-behavior","             */","                options = {};","                local.buildCustomOrg(options, onError);","            };","","        local.testCase_buildLib_default = local.testCase_buildLib_default || function (","            options,","            onError","        ) {","        /*","         * this function will test buildLib's default handling-behavior","         */","            options = {};","            local.buildLib(options, onError);","        };","","        local.testCase_buildReadme_default = local.testCase_buildReadme_default || function (","            options,","            onError","        ) {","        /*","         * this function will test buildReadme's default handling-behavior-behavior","         */","            options = {};","            local.buildReadme(options, onError);","        };","","        local.testCase_buildTest_default = local.testCase_buildTest_default || function (","            options,","            onError","        ) {","        /*","         * this function will test buildTest's default handling-behavior","         */","            options = {};","            local.buildTest(options, onError);","        };","","        local.testCase_webpage_default = local.testCase_webpage_default || function (","            options,","            onError","        ) {","        /*","         * this function will test webpage's default handling-behavior","         */","            options = { modeCoverageMerge: true, url: local.serverLocalHost + '?modeTest=1' };","            local.browserTest(options, onError);","        };","","        // run test-server","        local.testRunServer(local);","        break;","    }","}());",""],"l":{"12":2,"14":2,"19":2,"21":2,"23":2,"24":2,"25":2,"30":1,"37":2,"40":2,"43":1,"47":1,"50":1,"52":1,"55":2,"61":2,"62":2,"64":2,"70":1,"76":1,"82":2,"83":2,"85":2,"91":1,"98":1,"102":1,"105":1,"112":1,"119":1,"120":1,"123":1,"130":1,"131":1,"132":1,"133":1,"134":1,"135":1,"138":1,"143":2,"144":2,"147":1,"154":2,"155":2,"158":1,"165":2,"166":2,"169":1,"176":2,"177":2,"180":1,"187":1,"188":1,"192":1,"193":1}},"/home/travis/build/npmtest/node-npmtest-parsleyjs/lib.npmtest_parsleyjs.js":{"path":"/home/travis/build/npmtest/node-npmtest-parsleyjs/lib.npmtest_parsleyjs.js","s":{"1":2,"2":2,"3":2,"4":2,"5":2,"6":2,"7":2,"8":1,"9":2,"10":2,"11":2,"12":2,"13":1,"14":1,"15":1,"16":1},"b":{"1":[2,1,1,1],"2":[1,1,1,1],"3":[1,1],"4":[2,2],"5":[1,1]},"f":{"1":2,"2":2,"3":2},"fnMap":{"1":{"name":"(anonymous_1)","line":12,"loc":{"start":{"line":12,"column":1},"end":{"line":12,"column":13}}},"2":{"name":"(anonymous_2)","line":19,"loc":{"start":{"line":19,"column":5},"end":{"line":19,"column":17}}},"3":{"name":"(anonymous_3)","line":23,"loc":{"start":{"line":23,"column":24},"end":{"line":23,"column":36}}}},"statementMap":{"1":{"start":{"line":12,"column":0},"end":{"line":53,"column":5}},"2":{"start":{"line":14,"column":4},"end":{"line":14,"column":14}},"3":{"start":{"line":19,"column":4},"end":{"line":52,"column":9}},"4":{"start":{"line":21,"column":8},"end":{"line":21,"column":19}},"5":{"start":{"line":23,"column":8},"end":{"line":35,"column":13}},"6":{"start":{"line":24,"column":12},"end":{"line":34,"column":13}},"7":{"start":{"line":25,"column":16},"end":{"line":28,"column":30}},"8":{"start":{"line":30,"column":16},"end":{"line":33,"column":27}},"9":{"start":{"line":37,"column":8},"end":{"line":39,"column":21}},"10":{"start":{"line":41,"column":8},"end":{"line":41,"column":54}},"11":{"start":{"line":43,"column":8},"end":{"line":43,"column":54}},"12":{"start":{"line":45,"column":8},"end":{"line":51,"column":9}},"13":{"start":{"line":46,"column":12},"end":{"line":46,"column":60}},"14":{"start":{"line":48,"column":12},"end":{"line":48,"column":35}},"15":{"start":{"line":49,"column":12},"end":{"line":49,"column":49}},"16":{"start":{"line":50,"column":12},"end":{"line":50,"column":43}}},"branchMap":{"1":{"line":25,"type":"binary-expr","locations":[{"start":{"line":25,"column":23},"end":{"line":25,"column":62}},{"start":{"line":26,"column":20},"end":{"line":26,"column":70}},{"start":{"line":27,"column":20},"end":{"line":27,"column":71}},{"start":{"line":28,"column":20},"end":{"line":28,"column":29}}]},"2":{"line":30,"type":"binary-expr","locations":[{"start":{"line":30,"column":23},"end":{"line":30,"column":37}},{"start":{"line":31,"column":20},"end":{"line":31,"column":61}},{"start":{"line":32,"column":20},"end":{"line":32,"column":70}},{"start":{"line":33,"column":20},"end":{"line":33,"column":26}}]},"3":{"line":37,"type":"cond-expr","locations":[{"start":{"line":38,"column":14},"end":{"line":38,"column":20}},{"start":{"line":39,"column":14},"end":{"line":39,"column":20}}]},"4":{"line":41,"type":"binary-expr","locations":[{"start":{"line":41,"column":16},"end":{"line":41,"column":44}},{"start":{"line":41,"column":48},"end":{"line":41,"column":53}}]},"5":{"line":45,"type":"if","locations":[{"start":{"line":45,"column":8},"end":{"line":45,"column":8}},{"start":{"line":45,"column":8},"end":{"line":45,"column":8}}]}},"code":["/* istanbul instrument in package npmtest_parsleyjs */","/*jslint","    bitwise: true,","    browser: true,","    maxerr: 8,","    maxlen: 96,","    node: true,","    nomen: true,","    regexp: true,","    stupid: true","*/","(function () {","    'use strict';","    var local;","","","","    // run shared js-env code - pre-init","    (function () {","        // init local","        local = {};","        // init modeJs","        local.modeJs = (function () {","            try {","                return typeof navigator.userAgent === 'string' &&","                    typeof document.querySelector('body') === 'object' &&","                    typeof XMLHttpRequest.prototype.open === 'function' &&","                    'browser';","            } catch (errorCaughtBrowser) {","                return module.exports &&","                    typeof process.versions.node === 'string' &&","                    typeof require('http').createServer === 'function' &&","                    'node';","            }","        }());","        // init global","        local.global = local.modeJs === 'browser'","            ? window","            : global;","        // init utility2_rollup","        local = local.global.utility2_rollup || local;","        // init lib","        local.local = local.npmtest_parsleyjs = local;","        // init exports","        if (local.modeJs === 'browser') {","            local.global.utility2_npmtest_parsleyjs = local;","        } else {","            module.exports = local;","            module.exports.__dirname = __dirname;","            module.exports.module = module;","        }","    }());","}());",""],"l":{"12":2,"14":2,"19":2,"21":2,"23":2,"24":2,"25":2,"30":1,"37":2,"41":2,"43":2,"45":2,"46":1,"48":1,"49":1,"50":1}},"/home/travis/build/npmtest/node-npmtest-parsleyjs/example.js":{"path":"/home/travis/build/npmtest/node-npmtest-parsleyjs/example.js","s":{"1":2,"2":2,"3":2,"4":2,"5":2,"6":2,"7":2,"8":1,"9":2,"10":2,"11":2,"12":2,"13":1,"14":2,"15":2,"16":2,"17":2,"18":2,"19":0,"20":2,"21":1,"22":1,"23":1,"24":1,"25":1,"26":0,"27":0,"28":1,"29":1,"30":2,"31":0,"32":0,"33":0,"34":1,"35":2,"36":2,"37":3,"38":3,"39":3,"40":3,"41":0,"42":3,"43":3,"44":3,"45":1,"46":3,"47":1,"48":1,"49":1,"50":1,"51":1,"52":1,"53":1,"54":1,"55":1,"56":1,"57":0,"58":1,"59":6,"60":6,"61":1,"62":2,"63":0,"64":2,"65":1,"66":1,"67":0,"68":0,"69":0,"70":0,"71":0,"72":0,"73":0,"74":0,"75":0,"76":0,"77":0,"78":0,"79":0,"80":0,"81":0,"82":0,"83":0},"b":{"1":[2,1,1,1],"2":[1,1,1,1],"3":[1,1],"4":[2,2],"5":[1,1],"6":[1,1],"7":[2,0],"8":[2,1,1,1,1,1],"9":[0,2,0],"10":[1,1],"11":[2,1,1],"12":[1,0],"13":[0,2],"14":[2,0,0,0,0,0,0],"15":[0,3],"16":[3,0],"17":[1,1],"18":[0,1],"19":[1,2,0,2],"20":[1,0],"21":[1,1],"22":[0,0],"23":[0,0],"24":[0,0],"25":[0,0],"26":[0,0],"27":[0,0],"28":[0,0]},"f":{"1":2,"2":2,"3":2,"4":2,"5":2,"6":2,"7":3,"8":3,"9":3,"10":1,"11":6,"12":0},"fnMap":{"1":{"name":"(anonymous_1)","line":26,"loc":{"start":{"line":26,"column":1},"end":{"line":26,"column":13}}},"2":{"name":"(anonymous_2)","line":33,"loc":{"start":{"line":33,"column":5},"end":{"line":33,"column":17}}},"3":{"name":"(anonymous_3)","line":37,"loc":{"start":{"line":37,"column":24},"end":{"line":37,"column":36}}},"4":{"name":"(anonymous_4)","line":69,"loc":{"start":{"line":69,"column":31},"end":{"line":69,"column":48}},"skip":true},"5":{"name":"(anonymous_5)","line":78,"loc":{"start":{"line":78,"column":26},"end":{"line":78,"column":45}},"skip":true},"6":{"name":"(anonymous_6)","line":123,"loc":{"start":{"line":123,"column":33},"end":{"line":123,"column":48}},"skip":true},"7":{"name":"(anonymous_7)","line":125,"loc":{"start":{"line":125,"column":27},"end":{"line":125,"column":39}},"skip":true},"8":{"name":"(anonymous_8)","line":133,"loc":{"start":{"line":133,"column":59},"end":{"line":133,"column":74}},"skip":true},"9":{"name":"(anonymous_9)","line":143,"loc":{"start":{"line":143,"column":45},"end":{"line":143,"column":62}},"skip":true},"10":{"name":"(anonymous_10)","line":144,"loc":{"start":{"line":144,"column":73},"end":{"line":144,"column":92}},"skip":true},"11":{"name":"(anonymous_11)","line":272,"loc":{"start":{"line":272,"column":51},"end":{"line":272,"column":77}},"skip":true},"12":{"name":"(anonymous_12)","line":315,"loc":{"start":{"line":315,"column":32},"end":{"line":315,"column":61}},"skip":true}},"statementMap":{"1":{"start":{"line":26,"column":0},"end":{"line":326,"column":5}},"2":{"start":{"line":28,"column":4},"end":{"line":28,"column":14}},"3":{"start":{"line":33,"column":4},"end":{"line":60,"column":9}},"4":{"start":{"line":35,"column":8},"end":{"line":35,"column":19}},"5":{"start":{"line":37,"column":8},"end":{"line":49,"column":13}},"6":{"start":{"line":38,"column":12},"end":{"line":48,"column":13}},"7":{"start":{"line":39,"column":16},"end":{"line":42,"column":30}},"8":{"start":{"line":44,"column":16},"end":{"line":47,"column":27}},"9":{"start":{"line":51,"column":8},"end":{"line":53,"column":21}},"10":{"start":{"line":55,"column":8},"end":{"line":57,"column":45}},"11":{"start":{"line":59,"column":8},"end":{"line":59,"column":35}},"12":{"start":{"line":61,"column":4},"end":{"line":325,"column":5}},"13":{"start":{"line":69,"column":8},"end":{"line":121,"column":10},"skip":true},"14":{"start":{"line":70,"column":12},"end":{"line":88,"column":13},"skip":true},"15":{"start":{"line":76,"column":16},"end":{"line":87,"column":19},"skip":true},"16":{"start":{"line":79,"column":20},"end":{"line":86,"column":21},"skip":true},"17":{"start":{"line":82,"column":24},"end":{"line":82,"column":43},"skip":true},"18":{"start":{"line":83,"column":24},"end":{"line":83,"column":30},"skip":true},"19":{"start":{"line":85,"column":24},"end":{"line":85,"column":49},"skip":true},"20":{"start":{"line":89,"column":12},"end":{"line":107,"column":13},"skip":true},"21":{"start":{"line":92,"column":16},"end":{"line":102,"column":17},"skip":true},"22":{"start":{"line":93,"column":20},"end":{"line":93,"column":86},"skip":true},"23":{"start":{"line":94,"column":20},"end":{"line":95,"column":45},"skip":true},"24":{"start":{"line":96,"column":20},"end":{"line":96,"column":42},"skip":true},"25":{"start":{"line":97,"column":20},"end":{"line":97,"column":48},"skip":true},"26":{"start":{"line":100,"column":20},"end":{"line":100,"column":85},"skip":true},"27":{"start":{"line":101,"column":20},"end":{"line":101,"column":96},"skip":true},"28":{"start":{"line":103,"column":16},"end":{"line":103,"column":22},"skip":true},"29":{"start":{"line":106,"column":16},"end":{"line":106,"column":22},"skip":true},"30":{"start":{"line":108,"column":12},"end":{"line":120,"column":13},"skip":true},"31":{"start":{"line":114,"column":16},"end":{"line":119,"column":17},"skip":true},"32":{"start":{"line":116,"column":20},"end":{"line":116,"column":78},"skip":true},"33":{"start":{"line":118,"column":20},"end":{"line":118,"column":47},"skip":true},"34":{"start":{"line":123,"column":8},"end":{"line":141,"column":11},"skip":true},"35":{"start":{"line":124,"column":12},"end":{"line":124,"column":54},"skip":true},"36":{"start":{"line":125,"column":12},"end":{"line":140,"column":14},"skip":true},"37":{"start":{"line":126,"column":16},"end":{"line":126,"column":28},"skip":true},"38":{"start":{"line":127,"column":16},"end":{"line":127,"column":69},"skip":true},"39":{"start":{"line":128,"column":16},"end":{"line":128,"column":75},"skip":true},"40":{"start":{"line":129,"column":16},"end":{"line":131,"column":17},"skip":true},"41":{"start":{"line":130,"column":20},"end":{"line":130,"column":27},"skip":true},"42":{"start":{"line":133,"column":16},"end":{"line":137,"column":36},"skip":true},"43":{"start":{"line":134,"column":20},"end":{"line":136,"column":55},"skip":true},"44":{"start":{"line":139,"column":16},"end":{"line":139,"column":57},"skip":true},"45":{"start":{"line":143,"column":8},"end":{"line":147,"column":11},"skip":true},"46":{"start":{"line":144,"column":12},"end":{"line":146,"column":15},"skip":true},"47":{"start":{"line":145,"column":16},"end":{"line":145,"column":70},"skip":true},"48":{"start":{"line":149,"column":8},"end":{"line":149,"column":31},"skip":true},"49":{"start":{"line":150,"column":8},"end":{"line":150,"column":14},"skip":true},"50":{"start":{"line":158,"column":8},"end":{"line":158,"column":31},"skip":true},"51":{"start":{"line":160,"column":8},"end":{"line":160,"column":33},"skip":true},"52":{"start":{"line":161,"column":8},"end":{"line":161,"column":37},"skip":true},"53":{"start":{"line":162,"column":8},"end":{"line":162,"column":35},"skip":true},"54":{"start":{"line":164,"column":8},"end":{"line":164,"column":50},"skip":true},"55":{"start":{"line":166,"column":8},"end":{"line":256,"column":2},"skip":true},"56":{"start":{"line":258,"column":8},"end":{"line":286,"column":9},"skip":true},"57":{"start":{"line":259,"column":12},"end":{"line":269,"column":14},"skip":true},"58":{"start":{"line":271,"column":12},"end":{"line":285,"column":19},"skip":true},"59":{"start":{"line":274,"column":20},"end":{"line":274,"column":35},"skip":true},"60":{"start":{"line":275,"column":20},"end":{"line":284,"column":21},"skip":true},"61":{"start":{"line":277,"column":24},"end":{"line":277,"column":64},"skip":true},"62":{"start":{"line":279,"column":24},"end":{"line":279,"column":40},"skip":true},"63":{"start":{"line":281,"column":24},"end":{"line":281,"column":40},"skip":true},"64":{"start":{"line":283,"column":24},"end":{"line":283,"column":39},"skip":true},"65":{"start":{"line":288,"column":8},"end":{"line":290,"column":9},"skip":true},"66":{"start":{"line":289,"column":12},"end":{"line":289,"column":18},"skip":true},"67":{"start":{"line":291,"column":8},"end":{"line":293,"column":54},"skip":true},"68":{"start":{"line":296,"column":8},"end":{"line":301,"column":37},"skip":true},"69":{"start":{"line":303,"column":8},"end":{"line":303,"column":82},"skip":true},"70":{"start":{"line":306,"column":8},"end":{"line":308,"column":9},"skip":true},"71":{"start":{"line":307,"column":12},"end":{"line":307,"column":82},"skip":true},"72":{"start":{"line":310,"column":8},"end":{"line":312,"column":9},"skip":true},"73":{"start":{"line":311,"column":12},"end":{"line":311,"column":18},"skip":true},"74":{"start":{"line":313,"column":8},"end":{"line":313,"column":54},"skip":true},"75":{"start":{"line":314,"column":8},"end":{"line":314,"column":69},"skip":true},"76":{"start":{"line":315,"column":8},"end":{"line":323,"column":36},"skip":true},"77":{"start":{"line":316,"column":12},"end":{"line":316,"column":61},"skip":true},"78":{"start":{"line":317,"column":12},"end":{"line":320,"column":13},"skip":true},"79":{"start":{"line":318,"column":16},"end":{"line":318,"column":75},"skip":true},"80":{"start":{"line":319,"column":16},"end":{"line":319,"column":23},"skip":true},"81":{"start":{"line":321,"column":12},"end":{"line":321,"column":38},"skip":true},"82":{"start":{"line":322,"column":12},"end":{"line":322,"column":27},"skip":true},"83":{"start":{"line":324,"column":8},"end":{"line":324,"column":14},"skip":true}},"branchMap":{"1":{"line":39,"type":"binary-expr","locations":[{"start":{"line":39,"column":23},"end":{"line":39,"column":62}},{"start":{"line":40,"column":20},"end":{"line":40,"column":70}},{"start":{"line":41,"column":20},"end":{"line":41,"column":71}},{"start":{"line":42,"column":20},"end":{"line":42,"column":29}}]},"2":{"line":44,"type":"binary-expr","locations":[{"start":{"line":44,"column":23},"end":{"line":44,"column":37}},{"start":{"line":45,"column":20},"end":{"line":45,"column":61}},{"start":{"line":46,"column":20},"end":{"line":46,"column":70}},{"start":{"line":47,"column":20},"end":{"line":47,"column":26}}]},"3":{"line":51,"type":"cond-expr","locations":[{"start":{"line":52,"column":14},"end":{"line":52,"column":20}},{"start":{"line":53,"column":14},"end":{"line":53,"column":20}}]},"4":{"line":55,"type":"binary-expr","locations":[{"start":{"line":55,"column":16},"end":{"line":55,"column":44}},{"start":{"line":55,"column":49},"end":{"line":57,"column":43}}]},"5":{"line":55,"type":"cond-expr","locations":[{"start":{"line":56,"column":14},"end":{"line":56,"column":53}},{"start":{"line":57,"column":14},"end":{"line":57,"column":43}}]},"6":{"line":61,"type":"switch","locations":[{"start":{"line":68,"column":4},"end":{"line":150,"column":14},"skip":true},{"start":{"line":156,"column":4},"end":{"line":324,"column":14},"skip":true}]},"7":{"line":70,"type":"if","locations":[{"start":{"line":70,"column":12},"end":{"line":70,"column":12},"skip":true},{"start":{"line":70,"column":12},"end":{"line":70,"column":12},"skip":true}]},"8":{"line":70,"type":"binary-expr","locations":[{"start":{"line":70,"column":16},"end":{"line":70,"column":22},"skip":true},{"start":{"line":70,"column":27},"end":{"line":70,"column":32},"skip":true},{"start":{"line":71,"column":20},"end":{"line":71,"column":39},"skip":true},{"start":{"line":72,"column":20},"end":{"line":72,"column":49},"skip":true},{"start":{"line":73,"column":20},"end":{"line":73,"column":58},"skip":true},{"start":{"line":74,"column":20},"end":{"line":74,"column":69},"skip":true}]},"9":{"line":79,"type":"switch","locations":[{"start":{"line":80,"column":20},"end":{"line":80,"column":33},"skip":true},{"start":{"line":81,"column":20},"end":{"line":83,"column":30},"skip":true},{"start":{"line":84,"column":20},"end":{"line":85,"column":49},"skip":true}]},"10":{"line":89,"type":"switch","locations":[{"start":{"line":90,"column":12},"end":{"line":103,"column":22},"skip":true},{"start":{"line":105,"column":12},"end":{"line":106,"column":22},"skip":true}]},"11":{"line":89,"type":"binary-expr","locations":[{"start":{"line":89,"column":20},"end":{"line":89,"column":25},"skip":true},{"start":{"line":89,"column":29},"end":{"line":89,"column":48},"skip":true},{"start":{"line":89,"column":52},"end":{"line":89,"column":74},"skip":true}]},"12":{"line":92,"type":"if","locations":[{"start":{"line":92,"column":16},"end":{"line":92,"column":16},"skip":true},{"start":{"line":92,"column":16},"end":{"line":92,"column":16},"skip":true}]},"13":{"line":108,"type":"if","locations":[{"start":{"line":108,"column":12},"end":{"line":108,"column":12},"skip":true},{"start":{"line":108,"column":12},"end":{"line":108,"column":12},"skip":true}]},"14":{"line":108,"type":"binary-expr","locations":[{"start":{"line":108,"column":16},"end":{"line":108,"column":61},"skip":true},{"start":{"line":108,"column":66},"end":{"line":108,"column":72},"skip":true},{"start":{"line":108,"column":77},"end":{"line":108,"column":82},"skip":true},{"start":{"line":109,"column":20},"end":{"line":109,"column":39},"skip":true},{"start":{"line":110,"column":20},"end":{"line":110,"column":49},"skip":true},{"start":{"line":111,"column":20},"end":{"line":111,"column":58},"skip":true},{"start":{"line":112,"column":20},"end":{"line":112,"column":68},"skip":true}]},"15":{"line":129,"type":"if","locations":[{"start":{"line":129,"column":16},"end":{"line":129,"column":16},"skip":true},{"start":{"line":129,"column":16},"end":{"line":129,"column":16},"skip":true}]},"16":{"line":134,"type":"cond-expr","locations":[{"start":{"line":135,"column":26},"end":{"line":135,"column":29},"skip":true},{"start":{"line":136,"column":26},"end":{"line":136,"column":54},"skip":true}]},"17":{"line":164,"type":"binary-expr","locations":[{"start":{"line":164,"column":27},"end":{"line":164,"column":43},"skip":true},{"start":{"line":164,"column":47},"end":{"line":164,"column":49},"skip":true}]},"18":{"line":258,"type":"if","locations":[{"start":{"line":258,"column":8},"end":{"line":258,"column":8},"skip":true},{"start":{"line":258,"column":8},"end":{"line":258,"column":8},"skip":true}]},"19":{"line":275,"type":"switch","locations":[{"start":{"line":276,"column":20},"end":{"line":277,"column":64},"skip":true},{"start":{"line":278,"column":20},"end":{"line":279,"column":40},"skip":true},{"start":{"line":280,"column":20},"end":{"line":281,"column":40},"skip":true},{"start":{"line":282,"column":20},"end":{"line":283,"column":39},"skip":true}]},"20":{"line":288,"type":"if","locations":[{"start":{"line":288,"column":8},"end":{"line":288,"column":8},"skip":true},{"start":{"line":288,"column":8},"end":{"line":288,"column":8},"skip":true}]},"21":{"line":288,"type":"binary-expr","locations":[{"start":{"line":288,"column":12},"end":{"line":288,"column":40},"skip":true},{"start":{"line":288,"column":44},"end":{"line":288,"column":67},"skip":true}]},"22":{"line":292,"type":"binary-expr","locations":[{"start":{"line":292,"column":12},"end":{"line":292,"column":50},"skip":true},{"start":{"line":293,"column":12},"end":{"line":293,"column":53},"skip":true}]},"23":{"line":297,"type":"binary-expr","locations":[{"start":{"line":297,"column":12},"end":{"line":297,"column":67},"skip":true},{"start":{"line":298,"column":12},"end":{"line":301,"column":36},"skip":true}]},"24":{"line":303,"type":"binary-expr","locations":[{"start":{"line":303,"column":43},"end":{"line":303,"column":75},"skip":true},{"start":{"line":303,"column":79},"end":{"line":303,"column":81},"skip":true}]},"25":{"line":306,"type":"if","locations":[{"start":{"line":306,"column":8},"end":{"line":306,"column":8},"skip":true},{"start":{"line":306,"column":8},"end":{"line":306,"column":8},"skip":true}]},"26":{"line":310,"type":"if","locations":[{"start":{"line":310,"column":8},"end":{"line":310,"column":8},"skip":true},{"start":{"line":310,"column":8},"end":{"line":310,"column":8},"skip":true}]},"27":{"line":313,"type":"binary-expr","locations":[{"start":{"line":313,"column":27},"end":{"line":313,"column":43},"skip":true},{"start":{"line":313,"column":47},"end":{"line":313,"column":53},"skip":true}]},"28":{"line":317,"type":"if","locations":[{"start":{"line":317,"column":12},"end":{"line":317,"column":12},"skip":true},{"start":{"line":317,"column":12},"end":{"line":317,"column":12},"skip":true}]}},"code":["/*","example.js","","quickstart example","","instruction","    1. save this script as example.js","    2. run the shell command:","        $ npm install npmtest-parsleyjs && PORT=8081 node example.js","    3. play with the browser-demo on http://127.0.0.1:8081","*/","","","","/* istanbul instrument in package npmtest_parsleyjs */","/*jslint","    bitwise: true,","    browser: true,","    maxerr: 8,","    maxlen: 96,","    node: true,","    nomen: true,","    regexp: true,","    stupid: true","*/","(function () {","    'use strict';","    var local;","","","","    // run shared js-env code - pre-init","    (function () {","        // init local","        local = {};","        // init modeJs","        local.modeJs = (function () {","            try {","                return typeof navigator.userAgent === 'string' &&","                    typeof document.querySelector('body') === 'object' &&","                    typeof XMLHttpRequest.prototype.open === 'function' &&","                    'browser';","            } catch (errorCaughtBrowser) {","                return module.exports &&","                    typeof process.versions.node === 'string' &&","                    typeof require('http').createServer === 'function' &&","                    'node';","            }","        }());","        // init global","        local.global = local.modeJs === 'browser'","            ? window","            : global;","        // init utility2_rollup","        local = local.global.utility2_rollup || (local.modeJs === 'browser'","            ? local.global.utility2_npmtest_parsleyjs","            : global.utility2_moduleExports);","        // export local","        local.global.local = local;","    }());","    switch (local.modeJs) {","","","","    // post-init","    // run browser js-env code - post-init","    /* istanbul ignore next */","    case 'browser':","        local.testRunBrowser = function (event) {","            if (!event || (event &&","                    event.currentTarget &&","                    event.currentTarget.className &&","                    event.currentTarget.className.includes &&","                    event.currentTarget.className.includes('onreset'))) {","                // reset output","                Array.from(","                    document.querySelectorAll('body > .resettable')","                ).forEach(function (element) {","                    switch (element.tagName) {","                    case 'INPUT':","                    case 'TEXTAREA':","                        element.value = '';","                        break;","                    default:","                        element.textContent = '';","                    }","                });","            }","            switch (event && event.currentTarget && event.currentTarget.id) {","            case 'testRunButton1':","                // show tests","                if (document.querySelector('#testReportDiv1').style.display === 'none') {","                    document.querySelector('#testReportDiv1').style.display = 'block';","                    document.querySelector('#testRunButton1').textContent =","                        'hide internal test';","                    local.modeTest = true;","                    local.testRunDefault(local);","                // hide tests","                } else {","                    document.querySelector('#testReportDiv1').style.display = 'none';","                    document.querySelector('#testRunButton1').textContent = 'run internal test';","                }","                break;","            // custom-case","            default:","                break;","            }","            if (document.querySelector('#inputTextareaEval1') && (!event || (event &&","                    event.currentTarget &&","                    event.currentTarget.className &&","                    event.currentTarget.className.includes &&","                    event.currentTarget.className.includes('oneval')))) {","                // try to eval input-code","                try {","                    /*jslint evil: true*/","                    eval(document.querySelector('#inputTextareaEval1').value);","                } catch (errorCaught) {","                    console.error(errorCaught);","                }","            }","        };","        // log stderr and stdout to #outputTextareaStdout1","        ['error', 'log'].forEach(function (key) {","            console[key + '_original'] = console[key];","            console[key] = function () {","                var element;","                console[key + '_original'].apply(console, arguments);","                element = document.querySelector('#outputTextareaStdout1');","                if (!element) {","                    return;","                }","                // append text to #outputTextareaStdout1","                element.value += Array.from(arguments).map(function (arg) {","                    return typeof arg === 'string'","                        ? arg","                        : JSON.stringify(arg, null, 4);","                }).join(' ') + '\\n';","                // scroll textarea to bottom","                element.scrollTop = element.scrollHeight;","            };","        });","        // init event-handling","        ['change', 'click', 'keyup'].forEach(function (event) {","            Array.from(document.querySelectorAll('.on' + event)).forEach(function (element) {","                element.addEventListener(event, local.testRunBrowser);","            });","        });","        // run tests","        local.testRunBrowser();","        break;","","","","    // run node js-env code - post-init","    /* istanbul ignore next */","    case 'node':","        // export local","        module.exports = local;","        // require modules","        local.fs = require('fs');","        local.http = require('http');","        local.url = require('url');","        // init assets","        local.assetsDict = local.assetsDict || {};","        /* jslint-ignore-begin */","        local.assetsDict['/assets.index.template.html'] = '\\","<!doctype html>\\n\\","<html lang=\"en\">\\n\\","<head>\\n\\","<meta charset=\"UTF-8\">\\n\\","<meta name=\"viewport\" content=\"width=device-width, initial-scale=1\">\\n\\","<title>{{env.npm_package_name}} (v{{env.npm_package_version}})</title>\\n\\","<style>\\n\\","/*csslint\\n\\","    box-sizing: false,\\n\\","    universal-selector: false\\n\\","*/\\n\\","* {\\n\\","    box-sizing: border-box;\\n\\","}\\n\\","body {\\n\\","    background: #dde;\\n\\","    font-family: Arial, Helvetica, sans-serif;\\n\\","    margin: 2rem;\\n\\","}\\n\\","body > * {\\n\\","    margin-bottom: 1rem;\\n\\","}\\n\\",".utility2FooterDiv {\\n\\","    margin-top: 20px;\\n\\","    text-align: center;\\n\\","}\\n\\","</style>\\n\\","<style>\\n\\","/*csslint\\n\\","*/\\n\\","textarea {\\n\\","    font-family: monospace;\\n\\","    height: 10rem;\\n\\","    width: 100%;\\n\\","}\\n\\","textarea[readonly] {\\n\\","    background: #ddd;\\n\\","}\\n\\","</style>\\n\\","</head>\\n\\","<body>\\n\\","<!-- utility2-comment\\n\\","<div id=\"ajaxProgressDiv1\" style=\"background: #d00; height: 2px; left: 0; margin: 0; padding: 0; position: fixed; top: 0; transition: background 0.5s, width 1.5s; width: 25%;\"></div>\\n\\","utility2-comment -->\\n\\","<h1>\\n\\","<!-- utility2-comment\\n\\","    <a\\n\\","        {{#if env.npm_package_homepage}}\\n\\","        href=\"{{env.npm_package_homepage}}\"\\n\\","        {{/if env.npm_package_homepage}}\\n\\","        target=\"_blank\"\\n\\","    >\\n\\","utility2-comment -->\\n\\","        {{env.npm_package_name}} (v{{env.npm_package_version}})\\n\\","<!-- utility2-comment\\n\\","    </a>\\n\\","utility2-comment -->\\n\\","</h1>\\n\\","<h3>{{env.npm_package_description}}</h3>\\n\\","<!-- utility2-comment\\n\\","<h4><a download href=\"assets.app.js\">download standalone app</a></h4>\\n\\","<button class=\"onclick onreset\" id=\"testRunButton1\">run internal test</button><br>\\n\\","<div id=\"testReportDiv1\" style=\"display: none;\"></div>\\n\\","utility2-comment -->\\n\\","\\n\\","\\n\\","\\n\\","<label>stderr and stdout</label>\\n\\","<textarea class=\"resettable\" id=\"outputTextareaStdout1\" readonly></textarea>\\n\\","<!-- utility2-comment\\n\\","{{#if isRollup}}\\n\\","<script src=\"assets.app.js\"></script>\\n\\","{{#unless isRollup}}\\n\\","utility2-comment -->\\n\\","<script src=\"assets.utility2.rollup.js\"></script>\\n\\","<script src=\"jsonp.utility2._stateInit?callback=window.utility2._stateInit\"></script>\\n\\","<script src=\"assets.npmtest_parsleyjs.rollup.js\"></script>\\n\\","<script src=\"assets.example.js\"></script>\\n\\","<script src=\"assets.test.js\"></script>\\n\\","<!-- utility2-comment\\n\\","{{/if isRollup}}\\n\\","utility2-comment -->\\n\\","<div class=\"utility2FooterDiv\">\\n\\","    [ this app was created with\\n\\","    <a href=\"https://github.com/kaizhu256/node-utility2\" target=\"_blank\">utility2</a>\\n\\","    ]\\n\\","</div>\\n\\","</body>\\n\\","</html>\\n\\","';","        /* jslint-ignore-end */","        if (local.templateRender) {","            local.assetsDict['/'] = local.templateRender(","                local.assetsDict['/assets.index.template.html'],","                {","                    env: local.objectSetDefault(local.env, {","                        npm_package_description: 'the greatest app in the world!',","                        npm_package_name: 'my-app',","                        npm_package_nameAlias: 'my_app',","                        npm_package_version: '0.0.1'","                    })","                }","            );","        } else {","            local.assetsDict['/'] = local.assetsDict['/assets.index.template.html']","                .replace((/\\{\\{env\\.(\\w+?)\\}\\}/g), function (match0, match1) {","                    // jslint-hack","                    String(match0);","                    switch (match1) {","                    case 'npm_package_description':","                        return 'the greatest app in the world!';","                    case 'npm_package_name':","                        return 'my-app';","                    case 'npm_package_nameAlias':","                        return 'my_app';","                    case 'npm_package_version':","                        return '0.0.1';","                    }","                });","        }","        // run the cli","        if (local.global.utility2_rollup || module !== require.main) {","            break;","        }","        local.assetsDict['/assets.example.js'] =","            local.assetsDict['/assets.example.js'] ||","            local.fs.readFileSync(__filename, 'utf8');","        // bug-workaround - long $npm_package_buildCustomOrg","        /* jslint-ignore-begin */","        local.assetsDict['/assets.npmtest_parsleyjs.rollup.js'] =","            local.assetsDict['/assets.npmtest_parsleyjs.rollup.js'] ||","            local.fs.readFileSync(","                local.npmtest_parsleyjs.__dirname + '/lib.npmtest_parsleyjs.js',","                'utf8'","            ).replace((/^#!/), '//');","        /* jslint-ignore-end */","        local.assetsDict['/favicon.ico'] = local.assetsDict['/favicon.ico'] || '';","        // if $npm_config_timeout_exit exists,","        // then exit this process after $npm_config_timeout_exit ms","        if (Number(process.env.npm_config_timeout_exit)) {","            setTimeout(process.exit, Number(process.env.npm_config_timeout_exit));","        }","        // start server","        if (local.global.utility2_serverHttp1) {","            break;","        }","        process.env.PORT = process.env.PORT || '8081';","        console.error('server starting on port ' + process.env.PORT);","        local.http.createServer(function (request, response) {","            request.urlParsed = local.url.parse(request.url);","            if (local.assetsDict[request.urlParsed.pathname] !== undefined) {","                response.end(local.assetsDict[request.urlParsed.pathname]);","                return;","            }","            response.statusCode = 404;","            response.end();","        }).listen(process.env.PORT);","        break;","    }","}());",""],"l":{"26":2,"28":2,"33":2,"35":2,"37":2,"38":2,"39":2,"44":1,"51":2,"55":2,"59":2,"61":2,"69":1,"70":2,"76":2,"79":2,"82":2,"83":2,"85":1,"89":2,"92":1,"93":1,"94":1,"96":1,"97":1,"100":1,"101":1,"103":1,"106":1,"108":2,"114":1,"116":1,"118":1,"123":1,"124":2,"125":2,"126":3,"127":3,"128":3,"129":3,"130":1,"133":3,"134":3,"139":3,"143":1,"144":3,"145":1,"149":1,"150":1,"158":1,"160":1,"161":1,"162":1,"164":1,"166":1,"258":1,"259":1,"271":1,"274":6,"275":6,"277":1,"279":2,"281":1,"283":2,"288":1,"289":1,"291":1,"296":1,"303":1,"306":1,"307":1,"310":1,"311":1,"313":1,"314":1,"315":1,"316":1,"317":1,"318":1,"319":1,"321":1,"322":1,"324":1}},"/home/travis/build/npmtest/node-npmtest-parsleyjs/node_modules/parsleyjs/dist/parsley.js":{"path":"/home/travis/build/npmtest/node-npmtest-parsleyjs/node_modules/parsleyjs/dist/parsley.js","s":{"1":2,"2":2,"3":1,"4":0,"5":0,"6":0,"7":0,"8":0,"9":0,"10":0,"11":0,"12":0,"13":0,"14":0,"15":0,"16":0,"17":0,"18":0,"19":0,"20":0,"21":2,"22":0,"23":0,"24":0,"25":0,"26":0,"27":1,"28":0,"29":0,"30":0,"31":0,"32":0,"33":2,"34":2,"35":2,"36":2,"37":2,"38":0,"39":0,"40":0,"41":0,"42":0,"43":0,"44":0,"45":0,"46":0,"47":0,"48":0,"49":0,"50":0,"51":0,"52":0,"53":0,"54":0,"55":0,"56":0,"57":0,"58":0,"59":0,"60":0,"61":0,"62":0,"63":0,"64":0,"65":0,"66":0,"67":0,"68":0,"69":0,"70":0,"71":0,"72":0,"73":0,"74":0,"75":0,"76":0,"77":0,"78":0,"79":0,"80":0,"81":0,"82":0,"83":0,"84":0,"85":0,"86":0,"87":0,"88":0,"89":0,"90":0,"91":0,"92":0,"93":0,"94":0,"95":0,"96":0,"97":0,"98":0,"99":0,"100":0,"101":0,"102":0,"103":0,"104":0,"105":0,"106":0,"107":0,"108":0,"109":0,"110":0,"111":0,"112":0,"113":0,"114":0,"115":0,"116":0,"117":0,"118":0,"119":0,"120":0,"121":0,"122":0,"123":0,"124":0,"125":0,"126":0,"127":0,"128":0,"129":0,"130":2,"131":2,"132":2,"133":0,"134":2,"135":0,"136":0,"137":0,"138":0,"139":0,"140":0,"141":0,"142":0,"143":0,"144":0,"145":0,"146":0,"147":0,"148":0,"149":0,"150":0,"151":0,"152":0,"153":0,"154":0,"155":0,"156":0,"157":0,"158":0,"159":0,"160":0,"161":0,"162":0,"163":0,"164":0,"165":0,"166":0,"167":0,"168":0,"169":0,"170":0,"171":0,"172":0,"173":0,"174":0,"175":0,"176":0,"177":0,"178":0,"179":0,"180":0,"181":2,"182":0,"183":0,"184":0,"185":0,"186":0,"187":0,"188":0,"189":2,"190":0,"191":0,"192":0,"193":0,"194":0,"195":0,"196":0,"197":0,"198":0,"199":0,"200":2,"201":0,"202":2,"203":0,"204":0,"205":0,"206":0,"207":0,"208":0,"209":0,"210":0,"211":0,"212":0,"213":0,"214":0,"215":0,"216":0,"217":0,"218":0,"219":0,"220":0,"221":0,"222":0,"223":0,"224":0,"225":0,"226":0,"227":0,"228":0,"229":0,"230":0,"231":0,"232":0,"233":0,"234":0,"235":0,"236":2,"237":0,"238":0,"239":0,"240":2,"241":0,"242":2,"243":2,"244":0,"245":0,"246":0,"247":0,"248":2,"249":0,"250":2,"251":12,"252":0,"253":0,"254":0,"255":0,"256":2,"257":6,"258":2,"259":0,"260":0,"261":0,"262":0,"263":0,"264":0,"265":0,"266":0,"267":0,"268":0,"269":0,"270":0,"271":0,"272":0,"273":0,"274":0,"275":0,"276":0,"277":0,"278":0,"279":0,"280":0,"281":0,"282":0,"283":0,"284":0,"285":0,"286":0,"287":0,"288":0,"289":0,"290":0,"291":0,"292":0,"293":0,"294":0,"295":0,"296":0,"297":0,"298":0,"299":0,"300":0,"301":0,"302":0,"303":0,"304":0,"305":0,"306":0,"307":0,"308":0,"309":0,"310":0,"311":0,"312":0,"313":0,"314":0,"315":0,"316":0,"317":0,"318":0,"319":0,"320":0,"321":0,"322":0,"323":0,"324":0,"325":0,"326":0,"327":0,"328":0,"329":0,"330":0,"331":0,"332":0,"333":0,"334":0,"335":0,"336":0,"337":0,"338":0,"339":0,"340":0,"341":0,"342":0,"343":0,"344":0,"345":0,"346":0,"347":0,"348":0,"349":0,"350":0,"351":2,"352":2,"353":0,"354":0,"355":0,"356":0,"357":0,"358":0,"359":0,"360":0,"361":0,"362":0,"363":0,"364":0,"365":2,"366":0,"367":0,"368":0,"369":0,"370":0,"371":0,"372":0,"373":0,"374":0,"375":0,"376":0,"377":0,"378":0,"379":0,"380":0,"381":0,"382":0,"383":0,"384":0,"385":0,"386":0,"387":2,"388":0,"389":0,"390":0,"391":0,"392":0,"393":0,"394":0,"395":0,"396":0,"397":0,"398":0,"399":0,"400":0,"401":0,"402":0,"403":0,"404":0,"405":0,"406":0,"407":0,"408":0,"409":0,"410":0,"411":0,"412":0,"413":0,"414":0,"415":0,"416":0,"417":0,"418":0,"419":0,"420":0,"421":0,"422":0,"423":0,"424":0,"425":0,"426":0,"427":0,"428":0,"429":0,"430":0,"431":0,"432":0,"433":0,"434":0,"435":0,"436":0,"437":0,"438":0,"439":0,"440":0,"441":0,"442":0,"443":0,"444":0,"445":0,"446":0,"447":0,"448":0,"449":0,"450":0,"451":0,"452":0,"453":0,"454":0,"455":0,"456":0,"457":0,"458":0,"459":0,"460":0,"461":0,"462":0,"463":0,"464":0,"465":0,"466":0,"467":0,"468":0,"469":0,"470":0,"471":0,"472":0,"473":0,"474":0,"475":0,"476":0,"477":0,"478":0,"479":0,"480":0,"481":0,"482":0,"483":0,"484":0,"485":0,"486":0,"487":0,"488":0,"489":0,"490":0,"491":0,"492":0,"493":0,"494":0,"495":0,"496":0,"497":0,"498":0,"499":0,"500":0,"501":0,"502":0,"503":0,"504":0,"505":0,"506":0,"507":0,"508":0,"509":0,"510":0,"511":0,"512":0,"513":0,"514":0,"515":0,"516":0,"517":0,"518":0,"519":0,"520":0,"521":0,"522":0,"523":0,"524":0,"525":0,"526":0,"527":0,"528":0,"529":2,"530":0,"531":0,"532":0,"533":0,"534":0,"535":0,"536":0,"537":2,"538":2,"539":0,"540":0,"541":0,"542":0,"543":0,"544":0,"545":0,"546":0,"547":0,"548":0,"549":0,"550":0,"551":0,"552":0,"553":0,"554":0,"555":0,"556":0,"557":0,"558":0,"559":0,"560":0,"561":0,"562":0,"563":0,"564":0,"565":0,"566":0,"567":0,"568":0,"569":0,"570":0,"571":0,"572":0,"573":0,"574":0,"575":0,"576":0,"577":0,"578":0,"579":0,"580":0,"581":0,"582":0,"583":0,"584":0,"585":0,"586":0,"587":0,"588":0,"589":0,"590":0,"591":0,"592":0,"593":0,"594":0,"595":0,"596":0,"597":0,"598":0,"599":0,"600":0,"601":0,"602":0,"603":0,"604":0,"605":0,"606":0,"607":0,"608":0,"609":0,"610":0,"611":0,"612":0,"613":0,"614":0,"615":0,"616":0,"617":0,"618":0,"619":0,"620":0,"621":0,"622":0,"623":0,"624":0,"625":0,"626":0,"627":0,"628":0,"629":0,"630":0,"631":0,"632":0,"633":0,"634":0,"635":0,"636":0,"637":0,"638":0,"639":0,"640":2,"641":0,"642":0,"643":0,"644":0,"645":2,"646":0,"647":0,"648":2,"649":0,"650":0,"651":0,"652":0,"653":0,"654":2,"655":0,"656":0,"657":0,"658":0,"659":0,"660":0,"661":0,"662":0,"663":0,"664":0,"665":2,"666":2,"667":0,"668":0,"669":0,"670":0,"671":0,"672":0,"673":0,"674":0,"675":0,"676":0,"677":0,"678":0,"679":0,"680":0,"681":0,"682":0,"683":0,"684":0,"685":0,"686":0,"687":0,"688":0,"689":0,"690":0,"691":0,"692":0,"693":0,"694":0,"695":0,"696":0,"697":0,"698":0,"699":0,"700":0,"701":0,"702":0,"703":0,"704":0,"705":0,"706":0,"707":0,"708":0,"709":0,"710":0,"711":0,"712":0,"713":0,"714":0,"715":0,"716":0,"717":0,"718":0,"719":0,"720":0,"721":0,"722":0,"723":0,"724":0,"725":0,"726":0,"727":0,"728":0,"729":0,"730":0,"731":0,"732":0,"733":0,"734":0,"735":0,"736":0,"737":0,"738":0,"739":0,"740":0,"741":0,"742":0,"743":0,"744":0,"745":0,"746":0,"747":0,"748":0,"749":0,"750":0,"751":0,"752":0,"753":0,"754":0,"755":0,"756":0,"757":0,"758":0,"759":0,"760":0,"761":0,"762":0,"763":0,"764":0,"765":0,"766":0,"767":0,"768":0,"769":0,"770":0,"771":0,"772":0,"773":0,"774":0,"775":0,"776":0,"777":0,"778":0,"779":0,"780":0,"781":0,"782":0,"783":0,"784":0,"785":0,"786":0,"787":0,"788":0,"789":0,"790":0,"791":0,"792":0,"793":0,"794":0,"795":0,"796":0,"797":0,"798":0,"799":0,"800":0,"801":0,"802":0,"803":0,"804":0,"805":0,"806":0,"807":0,"808":0,"809":0,"810":0,"811":0,"812":0,"813":0,"814":0,"815":0,"816":0,"817":0,"818":0,"819":0,"820":0,"821":0,"822":0,"823":0,"824":0,"825":0,"826":0,"827":0,"828":0,"829":0,"830":0,"831":0,"832":0,"833":0,"834":0,"835":2,"836":2,"837":0,"838":2,"839":0,"840":0,"841":0,"842":0,"843":0,"844":0,"845":0,"846":0,"847":0,"848":0,"849":0,"850":0,"851":0,"852":0,"853":0,"854":0,"855":0,"856":0,"857":0,"858":0,"859":0,"860":0,"861":0,"862":0,"863":0,"864":0,"865":0,"866":0,"867":0,"868":0,"869":0,"870":2,"871":0,"872":0,"873":0,"874":0,"875":0,"876":0,"877":0,"878":0,"879":0,"880":0,"881":0,"882":0,"883":0,"884":0,"885":0,"886":2,"887":0,"888":0,"889":0,"890":0,"891":0,"892":0,"893":0,"894":0,"895":0,"896":0,"897":0,"898":0,"899":0,"900":0,"901":0,"902":0,"903":0,"904":0,"905":0,"906":0,"907":0,"908":0,"909":0,"910":0,"911":0,"912":0,"913":0,"914":0,"915":0,"916":0,"917":0,"918":0,"919":0,"920":0,"921":0,"922":0,"923":0,"924":0,"925":0,"926":0,"927":0,"928":0,"929":0,"930":0,"931":0,"932":0,"933":0,"934":0,"935":0,"936":0,"937":0,"938":0,"939":0,"940":0,"941":0,"942":2,"943":0,"944":0,"945":0,"946":0,"947":0,"948":0,"949":0,"950":0,"951":0,"952":0,"953":0,"954":0,"955":0,"956":0,"957":0,"958":0,"959":0,"960":0,"961":0,"962":0,"963":0,"964":0,"965":0,"966":0,"967":0,"968":0,"969":0,"970":0,"971":0,"972":0,"973":0,"974":0,"975":0,"976":0,"977":0,"978":0,"979":0,"980":0,"981":0,"982":0,"983":0,"984":0,"985":0,"986":0,"987":0,"988":0,"989":0,"990":0,"991":0,"992":0,"993":0,"994":0,"995":0,"996":0,"997":0,"998":0,"999":0,"1000":1,"1001":0,"1002":0,"1003":0,"1004":0,"1005":0,"1006":0,"1007":0,"1008":1,"1009":0,"1010":0,"1011":0,"1012":0,"1013":0,"1014":0,"1015":0,"1016":0,"1017":0,"1018":0,"1019":0,"1020":0,"1021":0,"1022":0,"1023":0,"1024":0,"1025":0,"1026":0,"1027":0,"1028":0,"1029":0,"1030":0,"1031":0,"1032":0,"1033":0,"1034":0,"1035":0,"1036":0,"1037":0,"1038":0,"1039":0,"1040":0,"1041":0,"1042":0,"1043":0,"1044":0,"1045":0,"1046":0,"1047":0,"1048":0,"1049":0,"1050":0,"1051":0,"1052":0,"1053":0,"1054":0,"1055":0,"1056":0,"1057":0,"1058":0,"1059":0,"1060":0,"1061":0,"1062":0,"1063":0,"1064":0,"1065":0,"1066":0,"1067":0,"1068":0,"1069":0,"1070":0,"1071":0,"1072":0,"1073":0,"1074":0,"1075":0,"1076":0,"1077":0,"1078":0,"1079":0,"1080":0,"1081":0,"1082":0,"1083":0,"1084":0,"1085":0,"1086":0,"1087":0,"1088":0,"1089":0,"1090":0,"1091":1,"1092":0,"1093":0,"1094":0,"1095":0,"1096":0,"1097":0,"1098":0,"1099":0,"1100":0,"1101":0,"1102":0,"1103":0,"1104":0,"1105":0,"1106":0,"1107":0,"1108":0,"1109":0,"1110":0,"1111":0,"1112":0,"1113":0,"1114":0,"1115":0,"1116":0},"b":{"1":[0,0],"2":[0,0],"3":[0,0],"4":[0,0],"5":[0,0],"6":[0,0],"7":[0,0],"8":[0,0],"9":[2,0],"10":[2,2],"11":[0,0],"12":[0,0],"13":[0,0],"14":[0,0],"15":[0,0],"16":[0,0],"17":[0,0],"18":[0,0,0],"19":[0,0],"20":[0,0],"21":[0,0],"22":[0,0],"23":[0,0],"24":[0,0],"25":[0,0],"26":[0,0],"27":[0,0],"28":[0,0],"29":[0,0],"30":[0,0],"31":[0,0,0],"32":[0,0],"33":[0,0],"34":[0,0],"35":[0,0],"36":[0,0],"37":[0,0],"38":[0,0],"39":[0,0],"40":[0,0],"41":[2,0],"42":[0,0],"43":[0,0],"44":[0,0],"45":[0,0],"46":[0,0],"47":[0,0],"48":[0,0],"49":[0,0],"50":[0,0],"51":[0,0],"52":[0,0],"53":[0,0],"54":[0,0],"55":[0,0],"56":[0,0],"57":[0,0],"58":[0,0],"59":[0,0],"60":[0,0],"61":[0,0],"62":[0,0],"63":[0,0],"64":[0,0],"65":[0,0],"66":[0,0],"67":[0,0],"68":[0,0],"69":[0,0],"70":[0,0],"71":[0,0],"72":[0,0],"73":[0,0],"74":[0,0],"75":[0,0],"76":[0,0],"77":[0,0],"78":[0,0],"79":[0,0],"80":[0,0],"81":[0,0],"82":[0,0],"83":[4,2],"84":[0,0],"85":[0,0],"86":[0,0],"87":[0,0],"88":[0,0],"89":[0,0],"90":[0,0],"91":[0,0],"92":[0,0],"93":[0,0],"94":[0,0],"95":[0,0],"96":[0,0],"97":[0,0,0],"98":[0,0],"99":[0,0],"100":[0,0],"101":[0,0],"102":[0,0],"103":[0,0],"104":[0,0],"105":[0,0],"106":[0,0],"107":[0,0],"108":[0,0],"109":[0,0],"110":[0,0],"111":[0,0],"112":[0,0],"113":[0,0],"114":[0,0],"115":[0,0],"116":[0,0],"117":[0,0],"118":[0,0],"119":[0,0],"120":[0,0],"121":[0,0],"122":[0,0,0],"123":[0,0],"124":[0,0],"125":[0,0],"126":[0,0],"127":[0,0,0],"128":[0,0],"129":[0,0],"130":[0,0],"131":[0,0],"132":[0,0],"133":[0,0],"134":[0,0],"135":[0,0],"136":[0,0],"137":[0,0],"138":[0,0],"139":[0,0],"140":[0,0],"141":[0,0],"142":[0,0],"143":[0,0,0],"144":[0,0],"145":[0,0],"146":[0,0],"147":[0,0],"148":[0,0],"149":[0,0],"150":[0,0],"151":[0,0],"152":[0,0],"153":[0,0],"154":[0,0],"155":[0,0],"156":[0,0],"157":[0,0],"158":[0,0],"159":[0,0],"160":[0,0],"161":[0,0],"162":[0,0],"163":[0,0],"164":[0,0],"165":[0,0],"166":[0,0],"167":[0,0],"168":[0,0],"169":[0,0],"170":[0,0],"171":[0,0],"172":[0,0],"173":[0,0],"174":[0,0],"175":[0,0],"176":[0,0],"177":[0,0],"178":[0,0],"179":[0,0],"180":[0,0],"181":[0,0],"182":[0,0],"183":[0,0],"184":[0,0],"185":[0,0],"186":[0,0],"187":[0,0],"188":[0,0],"189":[0,0],"190":[0,0],"191":[0,0],"192":[0,0],"193":[0,0],"194":[0,0],"195":[0,0],"196":[0,0],"197":[0,0,0],"198":[0,0],"199":[0,0,0],"200":[0,0],"201":[0,0],"202":[0,0],"203":[0,0],"204":[0,0,0],"205":[0,0],"206":[0,0],"207":[0,0],"208":[0,0],"209":[0,0],"210":[0,0],"211":[0,0,0],"212":[0,0],"213":[0,0],"214":[0,0],"215":[0,0],"216":[0,0],"217":[0,0],"218":[0,0],"219":[0,0],"220":[0,0],"221":[0,0],"222":[0,0],"223":[0,0],"224":[0,0],"225":[0,0],"226":[0,0],"227":[0,0],"228":[0,0],"229":[0,0],"230":[0,0],"231":[0,0],"232":[0,0],"233":[0,0],"234":[0,0],"235":[0,0],"236":[0,0],"237":[0,0],"238":[0,0],"239":[0,0],"240":[0,0],"241":[0,0],"242":[0,0],"243":[0,0],"244":[0,0],"245":[0,0],"246":[0,0],"247":[0,0],"248":[0,0],"249":[0,0],"250":[0,0],"251":[0,0],"252":[0,0],"253":[0,0],"254":[0,0],"255":[0,0],"256":[0,0],"257":[0,0],"258":[0,0,0],"259":[0,0],"260":[0,0],"261":[0,0],"262":[0,0],"263":[0,0],"264":[0,0],"265":[0,0],"266":[0,0],"267":[0,0],"268":[0,0],"269":[0,0],"270":[0,0],"271":[0,0],"272":[0,0],"273":[0,0],"274":[0,0],"275":[0,0],"276":[0,0],"277":[0,0],"278":[0,0],"279":[0,0],"280":[0,0,0],"281":[0,0],"282":[0,0,0],"283":[0,0],"284":[0,0],"285":[0,0],"286":[0,0],"287":[0,0],"288":[0,0],"289":[0,0],"290":[0,0],"291":[0,0],"292":[0,0],"293":[0,0],"294":[0,0],"295":[0,0],"296":[0,0],"297":[0,0,0,0],"298":[0,0],"299":[0,0],"300":[0,0],"301":[0,0],"302":[0,0],"303":[0,0],"304":[0,0],"305":[0,0],"306":[0,0],"307":[0,0],"308":[0,0],"309":[0,0],"310":[0,0],"311":[0,0],"312":[0,0],"313":[0,0],"314":[0,0],"315":[0,0],"316":[0,0],"317":[0,0],"318":[0,0],"319":[0,0],"320":[0,0],"321":[0,0],"322":[0,0],"323":[0,0],"324":[0,0],"325":[0,0],"326":[0,0],"327":[0,0],"328":[0,0],"329":[0,0],"330":[0,0],"331":[0,0],"332":[0,0],"333":[0,0],"334":[0,0],"335":[0,0],"336":[0,0],"337":[0,0],"338":[0,0],"339":[0,0],"340":[0,0],"341":[0,0],"342":[0,0],"343":[0,0],"344":[0,0],"345":[0,0],"346":[0,0]},"f":{"1":2,"2":0,"3":0,"4":0,"5":2,"6":2,"7":0,"8":0,"9":0,"10":0,"11":0,"12":0,"13":0,"14":0,"15":0,"16":0,"17":0,"18":0,"19":0,"20":0,"21":0,"22":0,"23":0,"24":0,"25":0,"26":0,"27":0,"28":0,"29":0,"30":0,"31":0,"32":0,"33":0,"34":0,"35":0,"36":0,"37":0,"38":0,"39":0,"40":0,"41":0,"42":0,"43":0,"44":0,"45":0,"46":0,"47":0,"48":0,"49":0,"50":0,"51":0,"52":0,"53":0,"54":0,"55":0,"56":0,"57":0,"58":0,"59":12,"60":0,"61":6,"62":0,"63":0,"64":0,"65":0,"66":0,"67":0,"68":0,"69":0,"70":0,"71":0,"72":0,"73":0,"74":0,"75":0,"76":0,"77":0,"78":0,"79":0,"80":0,"81":0,"82":0,"83":0,"84":0,"85":0,"86":0,"87":0,"88":0,"89":0,"90":0,"91":0,"92":0,"93":0,"94":0,"95":0,"96":0,"97":0,"98":0,"99":0,"100":0,"101":0,"102":0,"103":0,"104":0,"105":0,"106":0,"107":0,"108":0,"109":0,"110":0,"111":0,"112":0,"113":0,"114":0,"115":0,"116":0,"117":0,"118":0,"119":0,"120":0,"121":0,"122":0,"123":0,"124":0,"125":0,"126":0,"127":0,"128":0,"129":0,"130":0,"131":0,"132":0,"133":0,"134":0,"135":0,"136":0,"137":0,"138":0,"139":0,"140":0,"141":0,"142":0,"143":0,"144":0,"145":0,"146":0,"147":0,"148":0,"149":0,"150":0,"151":0,"152":0,"153":0,"154":0,"155":0,"156":0,"157":0,"158":0,"159":0,"160":0,"161":0,"162":0,"163":0,"164":0,"165":0,"166":0,"167":0,"168":0,"169":0,"170":0,"171":0,"172":0,"173":0,"174":0,"175":0,"176":0,"177":0,"178":0,"179":0,"180":0,"181":0,"182":0,"183":0,"184":0,"185":0,"186":0,"187":0,"188":0,"189":0,"190":0,"191":0,"192":0,"193":0,"194":0,"195":0,"196":0,"197":0,"198":0,"199":0,"200":0,"201":0,"202":0,"203":0,"204":0,"205":0,"206":0,"207":0,"208":0,"209":0,"210":0,"211":0,"212":0,"213":0,"214":0,"215":0,"216":0,"217":0,"218":0,"219":0,"220":0,"221":0,"222":0,"223":0,"224":0,"225":0,"226":0,"227":0,"228":0,"229":0,"230":0},"fnMap":{"1":{"name":"(anonymous_1)","line":15,"loc":{"start":{"line":15,"column":22},"end":{"line":15,"column":34}}},"2":{"name":"sliceIterator","line":15,"loc":{"start":{"line":15,"column":36},"end":{"line":15,"column":67}}},"3":{"name":"(anonymous_3)","line":15,"loc":{"start":{"line":15,"column":437},"end":{"line":15,"column":455}}},"4":{"name":"_toConsumableArray","line":17,"loc":{"start":{"line":17,"column":0},"end":{"line":17,"column":33}}},"5":{"name":"(anonymous_5)","line":19,"loc":{"start":{"line":19,"column":1},"end":{"line":19,"column":28}}},"6":{"name":"(anonymous_6)","line":21,"loc":{"start":{"line":21,"column":9},"end":{"line":21,"column":22}}},"7":{"name":"attr","line":30,"loc":{"start":{"line":30,"column":10},"end":{"line":30,"column":50}}},"8":{"name":"checkAttr","line":57,"loc":{"start":{"line":57,"column":15},"end":{"line":57,"column":67}}},"9":{"name":"setAttr","line":61,"loc":{"start":{"line":61,"column":13},"end":{"line":61,"column":64}}},"10":{"name":"generateID","line":65,"loc":{"start":{"line":65,"column":16},"end":{"line":65,"column":38}}},"11":{"name":"deserializeValue","line":71,"loc":{"start":{"line":71,"column":22},"end":{"line":71,"column":55}}},"12":{"name":"camelize","line":82,"loc":{"start":{"line":82,"column":14},"end":{"line":82,"column":37}}},"13":{"name":"(anonymous_13)","line":83,"loc":{"start":{"line":83,"column":36},"end":{"line":83,"column":58}}},"14":{"name":"dasherize","line":89,"loc":{"start":{"line":89,"column":15},"end":{"line":89,"column":39}}},"15":{"name":"warn","line":93,"loc":{"start":{"line":93,"column":10},"end":{"line":93,"column":26}}},"16":{"name":"warnOnce","line":99,"loc":{"start":{"line":99,"column":14},"end":{"line":99,"column":37}}},"17":{"name":"_resetWarnings","line":106,"loc":{"start":{"line":106,"column":20},"end":{"line":106,"column":46}}},"18":{"name":"trimString","line":110,"loc":{"start":{"line":110,"column":16},"end":{"line":110,"column":44}}},"19":{"name":"date","line":115,"loc":{"start":{"line":115,"column":12},"end":{"line":115,"column":34}}},"20":{"name":"(anonymous_20)","line":119,"loc":{"start":{"line":119,"column":37},"end":{"line":119,"column":50}}},"21":{"name":"string","line":134,"loc":{"start":{"line":134,"column":14},"end":{"line":134,"column":39}}},"22":{"name":"integer","line":137,"loc":{"start":{"line":137,"column":15},"end":{"line":137,"column":40}}},"23":{"name":"number","line":141,"loc":{"start":{"line":141,"column":14},"end":{"line":141,"column":38}}},"24":{"name":"_boolean","line":145,"loc":{"start":{"line":145,"column":17},"end":{"line":145,"column":43}}},"25":{"name":"object","line":148,"loc":{"start":{"line":148,"column":14},"end":{"line":148,"column":38}}},"26":{"name":"regexp","line":151,"loc":{"start":{"line":151,"column":14},"end":{"line":151,"column":39}}},"27":{"name":"parseRequirement","line":170,"loc":{"start":{"line":170,"column":22},"end":{"line":170,"column":73}}},"28":{"name":"namespaceEvents","line":178,"loc":{"start":{"line":178,"column":21},"end":{"line":178,"column":65}}},"29":{"name":"(anonymous_29)","line":181,"loc":{"start":{"line":181,"column":27},"end":{"line":181,"column":42}}},"30":{"name":"difference","line":186,"loc":{"start":{"line":186,"column":16},"end":{"line":186,"column":51}}},"31":{"name":"(anonymous_31)","line":189,"loc":{"start":{"line":189,"column":20},"end":{"line":189,"column":39}}},"32":{"name":"all","line":196,"loc":{"start":{"line":196,"column":9},"end":{"line":196,"column":32}}},"33":{"name":"(anonymous_33)","line":202,"loc":{"start":{"line":202,"column":36},"end":{"line":202,"column":48}}},"34":{"name":"Object","line":203,"loc":{"start":{"line":203,"column":19},"end":{"line":203,"column":37}}},"35":{"name":"(anonymous_35)","line":204,"loc":{"start":{"line":204,"column":13},"end":{"line":204,"column":34}}},"36":{"name":"classHandler","line":275,"loc":{"start":{"line":275,"column":18},"end":{"line":275,"column":47}}},"37":{"name":"errorsContainer","line":279,"loc":{"start":{"line":279,"column":21},"end":{"line":279,"column":53}}},"38":{"name":"Base","line":288,"loc":{"start":{"line":288,"column":13},"end":{"line":288,"column":29}}},"39":{"name":"_pipeAccordingToValidationResult","line":295,"loc":{"start":{"line":295,"column":38},"end":{"line":295,"column":82}}},"40":{"name":"pipe","line":298,"loc":{"start":{"line":298,"column":17},"end":{"line":298,"column":33}}},"41":{"name":"actualizeOptions","line":306,"loc":{"start":{"line":306,"column":22},"end":{"line":306,"column":50}}},"42":{"name":"_resetOptions","line":312,"loc":{"start":{"line":312,"column":19},"end":{"line":312,"column":55}}},"43":{"name":"on","line":328,"loc":{"start":{"line":328,"column":8},"end":{"line":328,"column":30}}},"44":{"name":"subscribe","line":337,"loc":{"start":{"line":337,"column":15},"end":{"line":337,"column":44}}},"45":{"name":"off","line":342,"loc":{"start":{"line":342,"column":9},"end":{"line":342,"column":32}}},"46":{"name":"unsubscribe","line":355,"loc":{"start":{"line":355,"column":17},"end":{"line":355,"column":48}}},"47":{"name":"trigger","line":362,"loc":{"start":{"line":362,"column":13},"end":{"line":362,"column":54}}},"48":{"name":"asyncIsValid","line":379,"loc":{"start":{"line":379,"column":18},"end":{"line":379,"column":54}}},"49":{"name":"_findRelated","line":384,"loc":{"start":{"line":384,"column":18},"end":{"line":384,"column":42}}},"50":{"name":"convertArrayRequirement","line":389,"loc":{"start":{"line":389,"column":32},"end":{"line":389,"column":81}}},"51":{"name":"convertExtraOptionRequirement","line":397,"loc":{"start":{"line":397,"column":38},"end":{"line":397,"column":121}}},"52":{"name":"Validator","line":414,"loc":{"start":{"line":414,"column":18},"end":{"line":414,"column":43}}},"53":{"name":"validate","line":420,"loc":{"start":{"line":420,"column":14},"end":{"line":420,"column":60}}},"54":{"name":"parseRequirements","line":453,"loc":{"start":{"line":453,"column":23},"end":{"line":453,"column":83}}},"55":{"name":"ValidatorRegistry","line":477,"loc":{"start":{"line":477,"column":26},"end":{"line":477,"column":74}}},"56":{"name":"test","line":499,"loc":{"start":{"line":499,"column":12},"end":{"line":499,"column":33}}},"57":{"name":"decimalPlaces","line":534,"loc":{"start":{"line":534,"column":22},"end":{"line":534,"column":50}}},"58":{"name":"ValidatorRegistry__parseArguments","line":547,"loc":{"start":{"line":547,"column":42},"end":{"line":547,"column":97}}},"59":{"name":"ValidatorRegistry__operatorToValidator","line":551,"loc":{"start":{"line":551,"column":47},"end":{"line":551,"column":111}}},"60":{"name":"(anonymous_60)","line":552,"loc":{"start":{"line":552,"column":11},"end":{"line":552,"column":28}}},"61":{"name":"ValidatorRegistry__comparisonOperator","line":562,"loc":{"start":{"line":562,"column":46},"end":{"line":562,"column":103}}},"62":{"name":"init","line":572,"loc":{"start":{"line":572,"column":10},"end":{"line":572,"column":45}}},"63":{"name":"setLocale","line":583,"loc":{"start":{"line":583,"column":15},"end":{"line":583,"column":42}}},"64":{"name":"addCatalog","line":592,"loc":{"start":{"line":592,"column":16},"end":{"line":592,"column":59}}},"65":{"name":"addMessage","line":601,"loc":{"start":{"line":601,"column":16},"end":{"line":601,"column":59}}},"66":{"name":"addMessages","line":610,"loc":{"start":{"line":610,"column":17},"end":{"line":610,"column":65}}},"67":{"name":"addValidator","line":630,"loc":{"start":{"line":630,"column":18},"end":{"line":630,"column":58}}},"68":{"name":"updateValidator","line":638,"loc":{"start":{"line":638,"column":21},"end":{"line":638,"column":64}}},"69":{"name":"removeValidator","line":646,"loc":{"start":{"line":646,"column":21},"end":{"line":646,"column":52}}},"70":{"name":"_setValidator","line":654,"loc":{"start":{"line":654,"column":19},"end":{"line":654,"column":69}}},"71":{"name":"getErrorMessage","line":672,"loc":{"start":{"line":672,"column":21},"end":{"line":672,"column":58}}},"72":{"name":"formatMessage","line":685,"loc":{"start":{"line":685,"column":19},"end":{"line":685,"column":62}}},"73":{"name":"validateString","line":704,"loc":{"start":{"line":704,"column":24},"end":{"line":704,"column":55}}},"74":{"name":"validateMultiple","line":711,"loc":{"start":{"line":711,"column":26},"end":{"line":711,"column":60}}},"75":{"name":"validateString","line":714,"loc":{"start":{"line":714,"column":24},"end":{"line":714,"column":55}}},"76":{"name":"validateString","line":721,"loc":{"start":{"line":721,"column":24},"end":{"line":721,"column":61}}},"77":{"name":"toInt","line":741,"loc":{"start":{"line":741,"column":26},"end":{"line":741,"column":44}}},"78":{"name":"validateString","line":757,"loc":{"start":{"line":757,"column":24},"end":{"line":757,"column":63}}},"79":{"name":"validateString","line":764,"loc":{"start":{"line":764,"column":24},"end":{"line":764,"column":68}}},"80":{"name":"validateString","line":771,"loc":{"start":{"line":771,"column":24},"end":{"line":771,"column":68}}},"81":{"name":"validateString","line":778,"loc":{"start":{"line":778,"column":24},"end":{"line":778,"column":65}}},"82":{"name":"validateMultiple","line":785,"loc":{"start":{"line":785,"column":26},"end":{"line":785,"column":73}}},"83":{"name":"validateMultiple","line":792,"loc":{"start":{"line":792,"column":26},"end":{"line":792,"column":73}}},"84":{"name":"validateMultiple","line":799,"loc":{"start":{"line":799,"column":26},"end":{"line":799,"column":70}}},"85":{"name":"(anonymous_85)","line":805,"loc":{"start":{"line":805,"column":49},"end":{"line":805,"column":79}}},"86":{"name":"(anonymous_86)","line":808,"loc":{"start":{"line":808,"column":49},"end":{"line":808,"column":79}}},"87":{"name":"(anonymous_87)","line":811,"loc":{"start":{"line":811,"column":51},"end":{"line":811,"column":78}}},"88":{"name":"validateString","line":815,"loc":{"start":{"line":815,"column":24},"end":{"line":815,"column":67}}},"89":{"name":"diffResults","line":826,"loc":{"start":{"line":826,"column":20},"end":{"line":826,"column":69}}},"90":{"name":"_actualizeTriggers","line":850,"loc":{"start":{"line":850,"column":24},"end":{"line":850,"column":54}}},"91":{"name":"(anonymous_91)","line":853,"loc":{"start":{"line":853,"column":41},"end":{"line":853,"column":56}}},"92":{"name":"(anonymous_92)","line":856,"loc":{"start":{"line":856,"column":72},"end":{"line":856,"column":87}}},"93":{"name":"focus","line":866,"loc":{"start":{"line":866,"column":11},"end":{"line":866,"column":28}}},"94":{"name":"_destroyUI","line":884,"loc":{"start":{"line":884,"column":16},"end":{"line":884,"column":38}}},"95":{"name":"_reflowUI","line":893,"loc":{"start":{"line":893,"column":15},"end":{"line":893,"column":36}}},"96":{"name":"getErrorsMessages","line":922,"loc":{"start":{"line":922,"column":23},"end":{"line":922,"column":52}}},"97":{"name":"addError","line":934,"loc":{"start":{"line":934,"column":14},"end":{"line":934,"column":38}}},"98":{"name":"updateError","line":949,"loc":{"start":{"line":949,"column":17},"end":{"line":949,"column":44}}},"99":{"name":"removeError","line":964,"loc":{"start":{"line":964,"column":17},"end":{"line":964,"column":44}}},"100":{"name":"_manageStatusClass","line":978,"loc":{"start":{"line":978,"column":24},"end":{"line":978,"column":54}}},"101":{"name":"_manageErrorsMessages","line":982,"loc":{"start":{"line":982,"column":27},"end":{"line":982,"column":64}}},"102":{"name":"_addError","line":1006,"loc":{"start":{"line":1006,"column":15},"end":{"line":1006,"column":47}}},"103":{"name":"_updateError","line":1014,"loc":{"start":{"line":1014,"column":18},"end":{"line":1014,"column":53}}},"104":{"name":"_removeError","line":1021,"loc":{"start":{"line":1021,"column":18},"end":{"line":1021,"column":46}}},"105":{"name":"_getErrorMessage","line":1025,"loc":{"start":{"line":1025,"column":22},"end":{"line":1025,"column":60}}},"106":{"name":"_buildUI","line":1033,"loc":{"start":{"line":1033,"column":14},"end":{"line":1033,"column":34}}},"107":{"name":"_manageClassHandler","line":1059,"loc":{"start":{"line":1059,"column":25},"end":{"line":1059,"column":56}}},"108":{"name":"_inputHolder","line":1072,"loc":{"start":{"line":1072,"column":18},"end":{"line":1072,"column":42}}},"109":{"name":"_insertErrorWrapper","line":1080,"loc":{"start":{"line":1080,"column":25},"end":{"line":1080,"column":56}}},"110":{"name":"_actualizeTriggers","line":1095,"loc":{"start":{"line":1095,"column":24},"end":{"line":1095,"column":54}}},"111":{"name":"(anonymous_111)","line":1103,"loc":{"start":{"line":1103,"column":116},"end":{"line":1103,"column":128}}},"112":{"name":"(anonymous_112)","line":1106,"loc":{"start":{"line":1106,"column":28},"end":{"line":1106,"column":45}}},"113":{"name":"_validateIfNeeded","line":1112,"loc":{"start":{"line":1112,"column":23},"end":{"line":1112,"column":57}}},"114":{"name":"(anonymous_114)","line":1122,"loc":{"start":{"line":1122,"column":44},"end":{"line":1122,"column":56}}},"115":{"name":"_resetUI","line":1128,"loc":{"start":{"line":1128,"column":14},"end":{"line":1128,"column":34}}},"116":{"name":"_destroyUI","line":1147,"loc":{"start":{"line":1147,"column":16},"end":{"line":1147,"column":38}}},"117":{"name":"_successClass","line":1155,"loc":{"start":{"line":1155,"column":19},"end":{"line":1155,"column":44}}},"118":{"name":"_errorClass","line":1159,"loc":{"start":{"line":1159,"column":17},"end":{"line":1159,"column":40}}},"119":{"name":"_resetClass","line":1163,"loc":{"start":{"line":1163,"column":17},"end":{"line":1163,"column":40}}},"120":{"name":"Form","line":1168,"loc":{"start":{"line":1168,"column":13},"end":{"line":1168,"column":57}}},"121":{"name":"onSubmitValidate","line":1183,"loc":{"start":{"line":1183,"column":22},"end":{"line":1183,"column":55}}},"122":{"name":"(anonymous_122)","line":1204,"loc":{"start":{"line":1204,"column":58},"end":{"line":1204,"column":70}}},"123":{"name":"onSubmitButton","line":1210,"loc":{"start":{"line":1210,"column":20},"end":{"line":1210,"column":51}}},"124":{"name":"_submit","line":1216,"loc":{"start":{"line":1216,"column":13},"end":{"line":1216,"column":45}}},"125":{"name":"validate","line":1236,"loc":{"start":{"line":1236,"column":14},"end":{"line":1236,"column":41}}},"126":{"name":"whenValidate","line":1251,"loc":{"start":{"line":1251,"column":18},"end":{"line":1251,"column":42}}},"127":{"name":"preventDefault","line":1263,"loc":{"start":{"line":1263,"column":65},"end":{"line":1263,"column":91}}},"128":{"name":"(anonymous_128)","line":1276,"loc":{"start":{"line":1276,"column":59},"end":{"line":1276,"column":71}}},"129":{"name":"(anonymous_129)","line":1277,"loc":{"start":{"line":1277,"column":36},"end":{"line":1277,"column":53}}},"130":{"name":"(anonymous_130)","line":1282,"loc":{"start":{"line":1282,"column":87},"end":{"line":1282,"column":99}}},"131":{"name":"(anonymous_131)","line":1284,"loc":{"start":{"line":1284,"column":14},"end":{"line":1284,"column":26}}},"132":{"name":"(anonymous_132)","line":1288,"loc":{"start":{"line":1288,"column":16},"end":{"line":1288,"column":28}}},"133":{"name":"isValid","line":1297,"loc":{"st
[...]
","    deprecated();","    if ('object' === typeof arguments[1] && 'function' === typeof arguments[2]) {","      context = arguments[1];","      callback = arguments[2];","    }","","    if ('function' !== typeof callback) throw new Error('Wrong parameters');","","    window.Parsley.on(eventName(name), adapt(callback, context));","  };","","  $.listenTo = function (instance, name, fn) {","    deprecated();","    if (!(instance instanceof parsley_field) && !(instance instanceof Form)) throw new Error('Must give Parsley instance');","","    if ('string' !== typeof name || 'function' !== typeof fn) throw new Error('Wrong parameters');","","    instance.on(eventName(name), adapt(fn));","  };","","  $.unsubscribe = function (name, fn) {","    deprecated();","    if ('string' !== typeof name || 'function' !== typeof fn) throw new Error('Wrong arguments');","    window.Parsley.off(eventName(name), fn.parsleyAdaptedCallback);","  };","","  $.unsubscribeTo = function (instance, name) {","    deprecated();","    if (!(instance instanceof parsley_field) && !(instance instanceof Form)) throw new Error('Must give Parsley instance');","    instance.off(eventName(name));","  };","","  $.unsubscribeAll = function (name) {","    deprecated();","    window.Parsley.off(eventName(name));","    $('form,input,textarea,select').each(function () {","      var instance = $(this).data('Parsley');","      if (instance) {","        instance.off(eventName(name));","      }","    });","  };","","  // $.emit is deprecated. Use jQuery events instead.","  $.emit = function (name, instance) {","    var _instance;","","    deprecated();","    var instanceGiven = instance instanceof parsley_field || instance instanceof Form;","    var args = Array.prototype.slice.call(arguments, instanceGiven ? 2 : 1);","    args.unshift(eventName(name));","    if (!instanceGiven) {","      instance = window.Parsley;","    }","    (_instance = instance).trigger.apply(_instance, _toConsumableArray(args));","  };","","  var pubsub = {};","","  $.extend(true, Parsley, {","    asyncValidators: {","      'default': {","        fn: function fn(xhr) {","          // By default, only status 2xx are deemed successful.","          // Note: we use status instead of state() because responses with status 200","          // but invalid messages (e.g. an empty body for content type set to JSON) will","          // result in state() === 'rejected'.","          return xhr.status >= 200 && xhr.status < 300;","        },","        url: false","      },","      reverse: {","        fn: function fn(xhr) {","          // If reverse option is set, a failing ajax request is considered successful","          return xhr.status < 200 || xhr.status >= 300;","        },","        url: false","      }","    },","","    addAsyncValidator: function addAsyncValidator(name, fn, url, options) {","      Parsley.asyncValidators[name] = {","        fn: fn,","        url: url || false,","        options: options || {}","      };","","      return this;","    }","","  });","","  Parsley.addValidator('remote', {","    requirementType: {","      '': 'string',","      'validator': 'string',","      'reverse': 'boolean',","      'options': 'object'","    },","","    validateString: function validateString(value, url, options, instance) {","      var data = {};","      var ajaxOptions;","      var csr;","      var validator = options.validator || (true === options.reverse ? 'reverse' : 'default');","","      if ('undefined' === typeof Parsley.asyncValidators[validator]) throw new Error('Calling an undefined async validator: `' + validator + '`');","","      url = Parsley.asyncValidators[validator].url || url;","","      // Fill current value","      if (url.indexOf('{value}') > -1) {","        url = url.replace('{value}', encodeURIComponent(value));","      } else {","        data[instance.$element.attr('name') || instance.$element.attr('id')] = value;","      }","","      // Merge options passed in from the function with the ones in the attribute","      var remoteOptions = $.extend(true, options.options || {}, Parsley.asyncValidators[validator].options);","","      // All `$.ajax(options)` could be overridden or extended directly from DOM in `data-parsley-remote-options`","      ajaxOptions = $.extend(true, {}, {","        url: url,","        data: data,","        type: 'GET'","      }, remoteOptions);","","      // Generate store key based on ajax options","      instance.trigger('field:ajaxoptions', instance, ajaxOptions);","","      csr = $.param(ajaxOptions);","","      // Initialise querry cache","      if ('undefined' === typeof Parsley._remoteCache) Parsley._remoteCache = {};","","      // Try to retrieve stored xhr","      var xhr = Parsley._remoteCache[csr] = Parsley._remoteCache[csr] || $.ajax(ajaxOptions);","","      var handleXhr = function handleXhr() {","        var result = Parsley.asyncValidators[validator].fn.call(instance, xhr, url, options);","        if (!result) // Map falsy results to rejected promise","          result = $.Deferred().reject();","        return $.when(result);","      };","","      return xhr.then(handleXhr, handleXhr);","    },","","    priority: -1","  });","","  Parsley.on('form:submit', function () {","    Parsley._remoteCache = {};","  });","","  window.ParsleyExtend.addAsyncValidator = function () {","    Utils.warnOnce('Accessing the method `addAsyncValidator` through an instance is deprecated. Simply call `Parsley.addAsyncValidator(...)`');","    return Parsley.addAsyncValidator.apply(Parsley, arguments);","  };","","  // This is included with the Parsley library itself,","  // thus there is no use in adding it to your project.","  Parsley.addMessages('en', {","    defaultMessage: \"This value seems to be invalid.\",","    type: {","      email: \"This value should be a valid email.\",","      url: \"This value should be a valid url.\",","      number: \"This value should be a valid number.\",","      integer: \"This value should be a valid integer.\",","      digits: \"This value should be digits.\",","      alphanum: \"This value should be alphanumeric.\"","    },","    notblank: \"This value should not be blank.\",","    required: \"This value is required.\",","    pattern: \"This value seems to be invalid.\",","    min: \"This value should be greater than or equal to %s.\",","    max: \"This value should be lower than or equal to %s.\",","    range: \"This value should be between %s and %s.\",","    minlength: \"This value is too short. It should have %s characters or more.\",","    maxlength: \"This value is too long. It should have %s characters or fewer.\",","    length: \"This value length is invalid. It should be between %s and %s characters long.\",","    mincheck: \"You must select at least %s choices.\",","    maxcheck: \"You must select %s choices or fewer.\",","    check: \"You must select between %s and %s choices.\",","    equalto: \"This value should be the same.\"","  });","","  Parsley.setLocale('en');","","  /**","   * inputevent - Alleviate browser bugs for input events","   * https://github.com/marcandre/inputevent","   * @version v0.0.3 - (built Thu, Apr 14th 2016, 5:58 pm)","   * @author Marc-Andre Lafortune <github@marc-andre.ca>","   * @license MIT","   */","","  function InputEvent() {","    var _this14 = this;","","    var globals = window || global;","","    // Slightly odd way construct our object. This way methods are force bound.","    // Used to test for duplicate library.","    $.extend(this, {","","      // For browsers that do not support isTrusted, assumes event is native.","      isNativeEvent: function isNativeEvent(evt) {","        return evt.originalEvent && evt.originalEvent.isTrusted !== false;","      },","","      fakeInputEvent: function fakeInputEvent(evt) {","        if (_this14.isNativeEvent(evt)) {","          $(evt.target).trigger('input');","        }","      },","","      misbehaves: function misbehaves(evt) {","        if (_this14.isNativeEvent(evt)) {","          _this14.behavesOk(evt);","          $(document).on('change.inputevent', evt.data.selector, _this14.fakeInputEvent);","          _this14.fakeInputEvent(evt);","        }","      },","","      behavesOk: function behavesOk(evt) {","        if (_this14.isNativeEvent(evt)) {","          $(document) // Simply unbinds the testing handler","          .off('input.inputevent', evt.data.selector, _this14.behavesOk).off('change.inputevent', evt.data.selector, _this14.misbehaves);","        }","      },","","      // Bind the testing handlers","      install: function install() {","        if (globals.inputEventPatched) {","          return;","        }","        globals.inputEventPatched = '0.0.3';","        var _arr = ['select', 'input[type=\"checkbox\"]', 'input[type=\"radio\"]', 'input[type=\"file\"]'];","        for (var _i = 0; _i < _arr.length; _i++) {","          var selector = _arr[_i];","          $(document).on('input.inputevent', selector, { selector: selector }, _this14.behavesOk).on('change.inputevent', selector, { selector: selector }, _this14.misbehaves);","        }","      },","","      uninstall: function uninstall() {","        delete globals.inputEventPatched;","        $(document).off('.inputevent');","      }","","    });","  };","","  var inputevent = new InputEvent();","","  inputevent.install();","","  var parsley = Parsley;","","  return parsley;","});","//# sourceMappingURL=parsley.js.map",""],"l":{"13":2,"15":2,"17":1,"19":2,"20":2,"24":2,"25":2,"27":2,"31":0,"32":0,"33":0,"34":0,"36":0,"38":0,"39":0,"43":0,"45":0,"46":0,"47":0,"49":0,"50":0,"54":0,"58":0,"62":0,"66":0,"72":0,"74":0,"75":0,"77":0,"83":0,"84":0,"90":0,"94":0,"96":0,"100":0,"101":0,"102":0,"107":0,"111":0,"116":0,"117":0,"119":0,"120":0,"123":0,"125":0,"126":0,"127":0,"128":0,"130":0,"131":0,"132":0,"135":0,"138":0,"139":0,"142":0,"143":0,"146":0,"149":0,"152":0,"155":0,"158":0,"161":0,"164":0,"166":0,"171":0,"172":0,"173":0,"174":0,"175":0,"179":0,"180":0,"181":0,"182":0,"188":0,"189":0,"190":0,"192":0,"198":0,"203":0,"204":0,"205":0,"206":0,"208":0,"209":0,"211":0,"212":0,"213":0,"214":0,"221":2,"228":2,"288":2,"289":0,"292":2,"296":0,"298":0,"299":0,"300":0,"301":0,"303":0,"307":0,"308":0,"309":0,"313":0,"314":0,"316":0,"317":0,"319":0,"329":0,"330":0,"331":0,"333":0,"338":0,"343":0,"344":0,"345":0,"346":0,"348":0,"351":0,"356":0,"363":0,"364":0,"365":0,"366":0,"367":0,"368":0,"369":0,"370":0,"373":0,"374":0,"376":0,"380":0,"381":0,"385":0,"389":2,"390":0,"391":0,"392":0,"393":0,"394":0,"397":2,"398":0,"399":0,"400":0,"401":0,"402":0,"403":0,"404":0,"406":0,"409":0,"414":2,"415":0,"418":2,"421":0,"424":0,"425":0,"426":0,"429":0,"430":0,"431":0,"433":0,"434":0,"435":0,"436":0,"437":0,"439":0,"440":0,"441":0,"442":0,"444":0,"445":0,"447":0,"454":0,"457":0,"459":0,"460":0,"461":0,"462":0,"463":0,"464":0,"465":0,"467":0,"477":2,"478":0,"481":0,"483":0,"486":2,"500":0,"531":2,"534":2,"535":0,"536":0,"537":0,"539":0,"547":2,"548":0,"551":2,"552":12,"553":0,"554":0,"557":0,"558":0,"562":2,"563":6,"571":2,"573":0,"575":0,"577":0,"579":0,"584":0,"586":0,"588":0,"593":0,"595":0,"597":0,"602":0,"604":0,"606":0,"611":0,"613":0,"631":0,"632":0,"633":0,"635":0,"639":0,"640":0,"641":0,"643":0,"647":0,"649":0,"651":0,"655":0,"657":0,"662":0,"663":0,"665":0,"667":0,"669":0,"673":0,"676":0,"677":0,"678":0,"679":0,"681":0,"686":0,"687":0,"689":0,"692":0,"705":0,"712":0,"715":0,"722":0,"724":0,"725":0,"726":0,"727":0,"729":0,"730":0,"731":0,"733":0,"734":0,"735":0,"736":0,"737":0,"738":0,"739":0,"741":0,"742":0,"744":0,"747":0,"758":0,"765":0,"772":0,"779":0,"786":0,"793":0,"800":0,"806":0,"809":0,"812":0,"816":0,"817":0,"824":2,"826":2,"827":0,"828":0,"830":0,"831":0,"833":0,"834":0,"835":0,"838":0,"841":0,"848":2,"851":0,"853":0,"854":0,"856":0,"857":0,"861":0,"863":0,"867":0,"869":0,"871":0,"872":0,"873":0,"874":0,"875":0,"879":0,"881":0,"886":0,"891":2,"894":0,"897":0,"900":0,"903":0,"906":0,"909":0,"912":0,"915":0,"916":0,"917":0,"924":0,"926":0,"928":0,"930":0,"935":0,"937":0,"938":0,"939":0,"940":0,"942":0,"943":0,"945":0,"950":0,"952":0,"953":0,"954":0,"955":0,"957":0,"958":0,"960":0,"965":0,"967":0,"968":0,"970":0,"971":0,"975":0,"979":0,"983":0,"986":0,"987":0,"988":0,"990":0,"992":0,"995":0,"999":0,"1001":0,"1003":0,"1007":0,"1008":0,"1010":0,"1011":0,"1015":0,"1016":0,"1018":0,"1022":0,"1026":0,"1028":0,"1030":0,"1035":0,"1037":0,"1040":0,"1044":0,"1047":0,"1048":0,"1051":0,"1052":0,"1055":0,"1061":0,"1064":0,"1067":0,"1069":0,"1074":0,"1077":0,"1081":0,"1084":0,"1086":0,"1087":0,"1088":0,"1090":0,"1092":0,"1096":0,"1098":0,"1099":0,"1102":0,"1103":0,"1104":0,"1105":0,"1106":0,"1107":0,"1113":0,"1118":0,"1120":0,"1121":0,"1122":0,"1123":0,"1125":0,"1130":0,"1131":0,"1134":0,"1137":0,"1140":0,"1143":0,"1144":0,"1148":0,"1150":0,"1152":0,"1156":0,"1157":0,"1160":0,"1161":0,"1164":0,"1168":2,"1169":0,"1171":0,"1172":0,"1173":0,"1174":0,"1176":0,"1177":0,"1180":2,"1182":2,"1184":0,"1187":0,"1190":0,"1191":0,"1192":0,"1193":0,"1195":0,"1197":0,"1202":0,"1203":0,"1204":0,"1205":0,"1211":0,"1217":0,"1219":0,"1220":0,"1221":0,"1222":0,"1228":0,"1237":0,"1238":0,"1240":0,"1242":0,"1243":0,"1244":0,"1246":0,"1248":0,"1252":0,"1255":0,"1257":0,"1258":0,"1259":0,"1261":0,"1262":0,"1263":0,"1264":0,"1265":0,"1268":0,"1271":0,"1274":0,"1276":0,"1277":0,"1278":0,"1282":0,"1283":0,"1285":0,"1286":0,"1287":0,"1289":0,"1298":0,"1299":0,"1301":0,"1303":0,"1304":0,"1306":0,"1308":0,"1315":0,"1317":0,"1319":0,"1320":0,"1322":0,"1324":0,"1325":0,"1326":0,"1329":0,"1335":0,"1337":0,"1343":0,"1346":0,"1348":0,"1349":0,"1353":0,"1357":0,"1359":0,"1361":0,"1362":0,"1364":0,"1365":0,"1366":0,"1369":0,"1370":0,"1371":0,"1372":0,"1373":0,"1378":0,"1379":0,"1382":0,"1393":0,"1394":0,"1395":0,"1397":0,"1398":0,"1399":0,"1406":0,"1411":2,"1412":0,"1413":0,"1415":0,"1422":0,"1425":2,"1426":0,"1427":0,"1430":2,"1432":0,"1434":0,"1438":0,"1440":0,"1441":0,"1446":2,"1447":0,"1449":0,"1452":0,"1453":0,"1456":0,"1457":0,"1460":0,"1461":0,"1462":0,"1465":0,"1468":2,"1470":2,"1476":0,"1477":0,"1478":0,"1480":0,"1481":0,"1482":0,"1483":0,"1485":0,"1487":0,"1489":0,"1497":0,"1500":0,"1502":0,"1503":0,"1506":0,"1507":0,"1509":0,"1512":0,"1514":0,"1515":0,"1517":0,"1519":0,"1521":0,"1526":0,"1531":0,"1535":0,"1537":0,"1541":0,"1542":0,"1550":0,"1551":0,"1553":0,"1555":0,"1556":0,"1558":0,"1560":0,"1561":0,"1562":0,"1563":0,"1572":0,"1574":0,"1576":0,"1577":0,"1578":0,"1579":0,"1580":0,"1583":0,"1585":0,"1587":0,"1590":0,"1593":0,"1595":0,"1597":0,"1598":0,"1599":0,"1602":0,"1603":0,"1605":0,"1606":0,"1608":0,"1613":0,"1615":0,"1617":0,"1619":0,"1620":0,"1621":0,"1630":0,"1633":0,"1636":0,"1638":0,"1643":0,"1644":0,"1650":0,"1651":0,"1652":0,"1653":0,"1659":0,"1672":0,"1673":0,"1676":0,"1678":0,"1679":0,"1682":0,"1687":0,"1688":0,"1689":0,"1691":0,"1692":0,"1697":0,"1705":0,"1706":0,"1709":0,"1710":0,"1711":0,"1714":0,"1715":0,"1718":0,"1721":0,"1728":0,"1731":0,"1734":0,"1737":0,"1740":0,"1743":0,"1746":0,"1749":0,"1752":0,"1754":0,"1757":0,"1758":0,"1763":0,"1764":0,"1766":0,"1772":0,"1774":0,"1780":0,"1788":0,"1790":0,"1792":0,"1794":0,"1798":0,"1799":0,"1806":0,"1808":0,"1809":0,"1812":0,"1813":0,"1814":0,"1815":0,"1818":0,"1819":0,"1822":0,"1827":2,"1829":2,"1830":0,"1833":2,"1836":0,"1838":0,"1843":0,"1845":0,"1848":0,"1849":0,"1851":0,"1855":0,"1858":0,"1859":0,"1860":0,"1863":0,"1865":0,"1868":0,"1874":0,"1877":0,"1880":0,"1881":0,"1883":0,"1884":0,"1887":0,"1891":0,"1894":0,"1898":0,"1900":0,"1904":2,"1905":0,"1908":0,"1909":0,"1912":0,"1913":0,"1914":0,"1917":0,"1918":0,"1921":0,"1925":0,"1927":0,"1929":0,"1930":0,"1933":2,"1935":0,"1936":0,"1937":0,"1940":0,"1943":0,"1946":0,"1950":0,"1956":0,"1958":0,"1959":0,"1960":0,"1963":0,"1964":0,"1967":0,"1968":0,"1969":0,"1972":0,"1973":0,"1974":0,"1978":0,"1981":0,"1982":0,"1983":0,"1988":0,"1989":0,"1990":0,"1991":0,"1993":0,"1994":0,"1997":0,"2003":0,"2005":0,"2010":0,"2012":0,"2014":0,"2015":0,"2017":0,"2018":0,"2020":0,"2021":0,"2023":0,"2026":0,"2028":0,"2029":0,"2031":0,"2035":0,"2038":0,"2039":0,"2041":0,"2045":2,"2046":0,"2047":0,"2049":0,"2050":0,"2053":0,"2063":0,"2064":0,"2066":0,"2070":0,"2071":0,"2072":0,"2074":0,"2075":0,"2078":0,"2082":0,"2083":0,"2085":0,"2088":0,"2093":0,"2097":0,"2098":0,"2101":0,"2102":0,"2103":0,"2104":0,"2105":0,"2106":0,"2107":0,"2108":0,"2114":0,"2115":0,"2116":0,"2117":0,"2118":0,"2119":0,"2121":0,"2122":0,"2128":0,"2129":0,"2131":0,"2132":0,"2133":0,"2136":0,"2137":0,"2140":0,"2141":0,"2142":0,"2143":0,"2144":0,"2150":0,"2151":0,"2153":0,"2157":0,"2158":0,"2159":0,"2163":1,"2165":0,"2166":0,"2167":0,"2168":0,"2169":0,"2172":0,"2175":0,"2177":1,"2178":0,"2179":0,"2183":0,"2184":0,"2185":0,"2186":0,"2187":0,"2188":0,"2191":0,"2193":0,"2196":0,"2197":0,"2198":0,"2200":0,"2202":0,"2205":0,"2206":0,"2207":0,"2208":0,"2211":0,"2212":0,"2213":0,"2214":0,"2217":0,"2218":0,"2219":0,"2220":0,"2221":0,"2222":0,"2223":0,"2229":0,"2230":0,"2232":0,"2233":0,"2234":0,"2235":0,"2236":0,"2237":0,"2239":0,"2242":0,"2244":0,"2252":0,"2259":0,"2266":0,"2272":0,"2277":0,"2286":0,"2287":0,"2288":0,"2289":0,"2291":0,"2293":0,"2296":0,"2297":0,"2299":0,"2303":0,"2306":0,"2313":0,"2315":0,"2318":0,"2321":0,"2323":0,"2324":0,"2325":0,"2326":0,"2327":0,"2330":0,"2336":0,"2337":0,"2340":0,"2341":0,"2342":0,"2347":0,"2372":0,"2382":1,"2383":0,"2385":0,"2389":0,"2393":0,"2397":0,"2398":0,"2403":0,"2404":0,"2405":0,"2406":0,"2411":0,"2412":0,"2419":0,"2420":0,"2422":0,"2423":0,"2424":0,"2425":0,"2426":0,"2431":0,"2432":0,"2438":0,"2440":0,"2442":0,"2444":0}},"/home/travis/build/npmtest/node-npmtest-parsleyjs/node_modules/parsleyjs/src/header.js":{"path":"/home/travis/build/npmtest/node-npmtest-parsleyjs/node_modules/parsleyjs/src/header.js","s":{},"b":{},"f":{},"fnMap":{},"statementMap":{},"branchMap":{},"code":["/*!","* Parsley.js","* Version <%= pkg.version %> - built <%= now.format('ddd, MMM Do YYYY, h:mm a') %>","* http://parsleyjs.org","* Guillaume Potier - <guillaume@wisembly.com>","* Marc-Andre Lafortune - <petroselinum@marc-andre.ca>","* MIT Licensed","*/","","// The source code below is generated by babel as","// Parsley is written in ECMAScript 6","//",""],"l":{}},"/home/travis/build/npmtest/node-npmtest-parsleyjs/node_modules/parsleyjs/src/i18n/sr.js":{"path":"/home/travis/build/npmtest/node-npmtest-parsleyjs/node_modules/parsleyjs/src/i18n/sr.js","s":{"1":2,"2":0},"b":{},"f":{},"fnMap":{},"statementMap":{"1":{"start":{"line":4,"column":0},"end":{"line":27,"column":3}},"2":{"start":{"line":29,"column":0},"end":{"line":29,"column":24}}},"branchMap":{},"code":["// Validation errors messages for Parsley","// Load this after Parsley","","Parsley.addMessages('sr', {","  defaultMessage: \"Uneta vrednost nije validna.\",","  type: {","    email:        \"Unesite pravilnu email adresu.\",","    url:          \"Unesite pravilnu url adresu.\",","    number:       \"Unesite numeričku vrednost.\",","    integer:      \"Unesite ceo broj bez decimala.\",","    digits:       \"Unesite samo brojeve.\",","    alphanum:     \"Unesite samo alfanumeričke znake (slova i brojeve).\"","  },","  notblank:       \"Ovo polje ne sme biti prazno.\",","  required:       \"Ovo polje je obavezno.\",","  pattern:        \"Uneta vrednost nije validna.\",","  min:            \"Vrednost mora biti veća ili jednaka %s.\",","  max:            \"Vrednost mora biti manja ili jednaka %s.\",","  range:          \"Vrednost mora biti između %s i %s.\",","  minlength:      \"Unos je prekratak. Mora imati najmanje %s znakova.\",","  maxlength:      \"Unos je predug. Može imati najviše %s znakova.\",","  length:         \"Dužina unosa je pogrešna. Broj znakova mora biti između %s i %s.\",","  mincheck:       \"Morate izabrati minimalno %s opcija.\",","  maxcheck:       \"Možete izabrati najviše %s opcija.\",","  check:          \"Broj izabranih opcija mora biti između %s i %s.\",","  equalto:        \"Unos mora biti jednak.\"","});","","Parsley.setLocale('sr');",""],"l":{"4":2,"29":0}}}